Log file open, 12/24/19 18:28:33
LogWindows: Failed to load 'aqProf.dll' (GetLastError=126)
LogWindows: File 'aqProf.dll' does not exist
LogWindows: Failed to load 'VtuneApi.dll' (GetLastError=126)
LogWindows: File 'VtuneApi.dll' does not exist
LogWindows: Failed to load 'VtuneApi32e.dll' (GetLastError=126)
LogWindows: File 'VtuneApi32e.dll' does not exist
LogConsoleResponse: Display: Failed to find resolution value strings in scalability ini. Falling back to default.
LogInit: Display: Running engine for game: BuildingEscape
LogPlatformFile: Not using cached read wrapper
LogTaskGraph: Started task graph with 5 named threads and 35 total threads with 3 sets of task threads.
LogStats: Stats thread started at 0.068733
LogD3D11RHI: Loaded GFSDK_Aftermath_Lib.x64.dll
LogICUInternationalization: ICU TimeZone Detection - Raw Offset: +2:00, Platform Override: ''
LogPluginManager: Mounting plugin Paper2D
LogPluginManager: Mounting plugin AISupport
LogPluginManager: Mounting plugin LightPropagationVolume
LogPluginManager: Mounting plugin ActorLayerUtilities
LogPluginManager: Mounting plugin AnimationSharing
LogPluginManager: Mounting plugin CLionSourceCodeAccess
LogPluginManager: Mounting plugin CodeLiteSourceCodeAccess
LogPluginManager: Mounting plugin GitSourceControl
LogPluginManager: Mounting plugin KDevelopSourceCodeAccess
LogPluginManager: Mounting plugin NullSourceCodeAccess
LogPluginManager: Mounting plugin PerforceSourceControl
LogPluginManager: Mounting plugin SubversionSourceControl
LogPluginManager: Mounting plugin UObjectPlugin
LogPluginManager: Mounting plugin VisualStudioCodeSourceCodeAccess
LogPluginManager: Mounting plugin VisualStudioSourceCodeAccess
LogPluginManager: Mounting plugin XCodeSourceCodeAccess
LogPluginManager: Mounting plugin AssetManagerEditor
LogPluginManager: Mounting plugin CryptoKeys
LogPluginManager: Mounting plugin CurveEditorTools
LogPluginManager: Mounting plugin DataValidation
LogPluginManager: Mounting plugin EditorScriptingUtilities
LogPluginManager: Mounting plugin FacialAnimation
LogPluginManager: Mounting plugin GameplayTagsEditor
LogPluginManager: Mounting plugin GLTFImporter
LogPluginManager: Mounting plugin MacGraphicsSwitching
LogPluginManager: Mounting plugin MaterialAnalyzer
LogPluginManager: Mounting plugin MeshEditor
LogPluginManager: Mounting plugin MobileLauncherProfileWizard
LogPluginManager: Mounting plugin PluginBrowser
LogPluginManager: Mounting plugin SpeedTreeImporter
LogPluginManager: Mounting plugin DatasmithContent
LogPluginManager: Mounting plugin VariantManagerContent
LogPluginManager: Mounting plugin AlembicImporter
LogPluginManager: Mounting plugin AutomationUtils
LogPluginManager: Mounting plugin BackChannel
LogPluginManager: Mounting plugin BlastPlugin
LogPluginManager: Mounting plugin ChaosSolverPlugin
LogPluginManager: Mounting plugin CharacterAI
LogPluginManager: Mounting plugin DataPrepEditor
LogPluginManager: Mounting plugin GeometryCache
LogPluginManager: Mounting plugin GeometryCollectionPlugin
LogPluginManager: Mounting plugin HTML5Networking
LogPluginManager: Mounting plugin PlatformCrypto
LogPluginManager: Mounting plugin ProxyLODPlugin
LogPluginManager: Mounting plugin SkeletalReduction
LogPluginManager: Mounting plugin MagicLeap
LogPluginManager: Mounting plugin MagicLeapMedia
LogPluginManager: Mounting plugin AndroidMedia
LogPluginManager: Mounting plugin AvfMedia
LogPluginManager: Mounting plugin ImgMedia
LogPluginManager: Mounting plugin MediaCompositing
LogPluginManager: Mounting plugin MediaPlayerEditor
LogPluginManager: Mounting plugin WebMMedia
LogPluginManager: Mounting plugin WmfMedia
LogPluginManager: Mounting plugin TcpMessaging
LogPluginManager: Mounting plugin UdpMessaging
LogPluginManager: Mounting plugin ActorSequence
LogPluginManager: Mounting plugin LevelSequenceEditor
LogPluginManager: Mounting plugin MatineeToLevelSequence
LogPluginManager: Mounting plugin NetcodeUnitTest
LogPluginManager: Mounting plugin NUTUnrealEngine4
LogPluginManager: Mounting plugin OnlineSubsystemGooglePlay
LogPluginManager: Mounting plugin OnlineSubsystemIOS
LogPluginManager: Mounting plugin OnlineSubsystem
LogPluginManager: Mounting plugin OnlineSubsystemNull
LogPluginManager: Mounting plugin OnlineSubsystemUtils
LogPluginManager: Mounting plugin LauncherChunkInstaller
LogPluginManager: Mounting plugin AndroidDeviceProfileSelector
LogPluginManager: Mounting plugin AndroidMoviePlayer
LogPluginManager: Mounting plugin AndroidPermission
LogPluginManager: Mounting plugin AppleImageUtils
LogPluginManager: Mounting plugin AppleMoviePlayer
LogPluginManager: Mounting plugin ArchVisCharacter
LogPluginManager: Mounting plugin AudioCapture
LogPluginManager: Mounting plugin CableComponent
LogPluginManager: Mounting plugin CustomMeshComponent
LogPluginManager: Mounting plugin EditableMesh
LogPluginManager: Mounting plugin ExampleDeviceProfileSelector
LogPluginManager: Mounting plugin GoogleCloudMessaging
LogPluginManager: Mounting plugin IOSDeviceProfileSelector
LogPluginManager: Mounting plugin LinuxDeviceProfileSelector
LogPluginManager: Mounting plugin LocationServicesBPLibrary
LogPluginManager: Mounting plugin MobilePatchingUtils
LogPluginManager: Mounting plugin OculusVR
LogPluginManager: Mounting plugin PhysXVehicles
LogPluginManager: Mounting plugin ProceduralMeshComponent
LogPluginManager: Mounting plugin RuntimePhysXCooking
LogPluginManager: Mounting plugin SignificanceManager
LogPluginManager: Mounting plugin SteamVR
LogPluginManager: Mounting plugin WebMMoviePlayer
LogPluginManager: Mounting plugin WindowsMoviePlayer
LogPluginManager: Mounting plugin ScreenshotTools
LogPluginManager: Mounting plugin UnrealEnginePython
LogPluginManager: Mounting plugin DatasmithC4DImporter
LogPluginManager: Mounting plugin DatasmithCADImporter
LogPluginManager: Mounting plugin DatasmithFBXImporter
LogPluginManager: Mounting plugin DatasmithGLTFImporter
LogPluginManager: Mounting plugin DatasmithIFCImporter
LogPluginManager: Mounting plugin DatasmithImporter
LogPluginManager: Mounting plugin MDLImporter
LogPluginManager: Mounting plugin StaticMeshEditorExtension
LogPluginManager: Mounting plugin VariantManager
LogInit: Warning: Incompatible or missing module: BuildingEscape
Running C:/Program Files/Epic Games/UE_4.23/Engine/Binaries/DotNET/UnrealBuildTool.exe Development Win64 -Project="D:/Unreal Projects/BuildingEscapeGame/BuildingEscape/BuildingEscape.uproject" -TargetType=Editor -Progress -NoHotReloadFromIDE
Using 'git status' to determine working set for adaptive non-unity build (D:\Unreal Projects\BuildingEscapeGame).
Creating makefile for BuildingEscapeEditor (no existing makefile)
Using Python at: C:\Program Files\Epic Games\UE_4.23\Engine\Plugins\UnrealEnginePython\Source\UnrealEnginePython\../../Binaries\Win64
[WARNING] Your Python installation is not in the system PATH environment variable.
[WARNING] Ensure your python paths are set in GlobalConfig (DefaultEngine.ini) so the path can be corrected at runtime.
C:\Program Files\Epic Games\UE_4.23\Engine\Plugins\UnrealEnginePython\Source\UnrealEnginePython\UnrealEnginePython.Build.cs: warning: Referenced directory 'C:\Program Files\Epic Games\UE_4.23\Engine\Source\UnrealEnginePython\Public' does not exist.
@progress push 5%
Parsing headers for BuildingEscapeEditor
  Running UnrealHeaderTool "D:\Unreal Projects\BuildingEscapeGame\BuildingEscape\BuildingEscape.uproject" "D:\Unreal Projects\BuildingEscapeGame\BuildingEscape\Intermediate\Build\Win64\BuildingEscapeEditor\Development\BuildingEscapeEditor.uhtmanifest" -LogCmds="loginit warning, logexit warning, logdatabase error" -Unattended -WarningsAsErrors -installed
Reflection code generated for BuildingEscapeEditor in 5.2469943 seconds
@progress pop
Using Visual Studio 2019 14.23.28105 toolchain (C:\Program Files (x86)\Microsoft Visual Studio\2019\Community\VC\Tools\MSVC\14.23.28105) and Windows 10.0.18362.0 SDK (C:\Program Files (x86)\Windows Kits\10).
Building 4 actions with 12 processes...
  @progress 'Compiling C++ source code...' 0%
  @progress 'Compiling C++ source code...' 25%
  [1/4] BuildingEscape.init.gen.cpp
  @progress 'Compiling C++ source code...' 50%
  [2/4] UE4Editor-BuildingEscape.lib
     Creating library D:\Unreal Projects\BuildingEscapeGame\BuildingEscape\Intermediate\Build\Win64\UE4Editor\Development\BuildingEscape\UE4Editor-BuildingEscape.lib and object D:\Unreal Projects\BuildingEscapeGame\BuildingEscape\Intermediate\Build\Win64\UE4Editor\Development\BuildingEscape\UE4Editor-BuildingEscape.exp
  @progress 'Compiling C++ source code...' 75%
  [3/4] UE4Editor-BuildingEscape.dll
     Creating library D:\Unreal Projects\BuildingEscapeGame\BuildingEscape\Intermediate\Build\Win64\UE4Editor\Development\BuildingEscape\UE4Editor-BuildingEscape.suppressed.lib and object D:\Unreal Projects\BuildingEscapeGame\BuildingEscape\Intermediate\Build\Win64\UE4Editor\Development\BuildingEscape\UE4Editor-BuildingEscape.suppressed.exp
  @progress 'Compiling C++ source code...' 100%
  [4/4] BuildingEscapeEditor.target
Total time in Parallel executor: 1.36 seconds
Total execution time: 8.26 seconds
LogInit: Using libcurl 7.55.1-DEV
LogInit:  - built for x86_64-pc-win32
LogInit:  - supports SSL with OpenSSL/1.1.1
LogInit:  - supports HTTP deflate (compression) using libz 1.2.8
LogInit:  - other features:
LogInit:      CURL_VERSION_SSL
LogInit:      CURL_VERSION_LIBZ
LogInit:      CURL_VERSION_IPV6
LogInit:      CURL_VERSION_ASYNCHDNS
LogInit:      CURL_VERSION_LARGEFILE
LogInit:      CURL_VERSION_IDN
LogInit:  CurlRequestOptions (configurable via config and command line):
LogInit:  - bVerifyPeer = true  - Libcurl will verify peer certificate
LogInit:  - bUseHttpProxy = false  - Libcurl will NOT use HTTP proxy
LogInit:  - bDontReuseConnections = false  - Libcurl will reuse connections
LogInit:  - MaxHostConnections = 16  - Libcurl will limit the number of connections to a host
LogInit:  - LocalHostAddr = Default
LogInit:  - BufferSize = 65536
LogOnline: OSS: Creating online subsystem instance for: NULL
LogInit: WinSock: version 1.1 (2.2), MaxSocks=32767, MaxUdp=65467
LogInit: Build: ++UE4+Release-4.23-CL-9631420
LogInit: Engine Version: 4.23.1-9631420+++UE4+Release-4.23
LogInit: Compatible Engine Version: 4.23.0-8386587+++UE4+Release-4.23
LogInit: Net CL: 8386587
LogInit: OS: Windows 10 (Release 1809) (), CPU: Intel(R) Core(TM) i7-9750H CPU @ 2.60GHz, GPU: Intel(R) UHD Graphics 630
LogInit: Compiled (64-bit): Oct 18 2019 02:07:44
LogInit: Compiled with Visual C++: 19.16.27030.01
LogInit: Build Configuration: Development
LogInit: Branch Name: ++UE4+Release-4.23
LogInit: Command Line: 
LogInit: Base Directory: C:/Program Files/Epic Games/UE_4.23/Engine/Binaries/Win64/
LogInit: Installed Engine Build: 1
LogDevObjectVersion: Number of dev versions registered: 23
LogDevObjectVersion:   Dev-Blueprints (B0D832E4-1F89-4F0D-ACCF-7EB736FD4AA2): 10
LogDevObjectVersion:   Dev-Build (E1C64328-A22C-4D53-A36C-8E866417BD8C): 0
LogDevObjectVersion:   Dev-Core (375EC13C-06E4-48FB-B500-84F0262A717E): 3
LogDevObjectVersion:   Dev-Editor (E4B068ED-F494-42E9-A231-DA0B2E46BB41): 34
LogDevObjectVersion:   Dev-Framework (CFFC743F-43B0-4480-9391-14DF171D2073): 35
LogDevObjectVersion:   Dev-Mobile (B02B49B5-BB20-44E9-A304-32B752E40360): 2
LogDevObjectVersion:   Dev-Networking (A4E4105C-59A1-49B5-A7C5-40C4547EDFEE): 0
LogDevObjectVersion:   Dev-Online (39C831C9-5AE6-47DC-9A44-9C173E1C8E7C): 0
LogDevObjectVersion:   Dev-Physics (78F01B33-EBEA-4F98-B9B4-84EACCB95AA2): 0
LogDevObjectVersion:   Dev-Platform (6631380F-2D4D-43E0-8009-CF276956A95A): 0
LogDevObjectVersion:   Dev-Rendering (12F88B9F-8875-4AFC-A67C-D90C383ABD29): 31
LogDevObjectVersion:   Dev-Sequencer (7B5AE74C-D270-4C10-A958-57980B212A5A): 11
LogDevObjectVersion:   Dev-VR (D7296918-1DD6-4BDD-9DE2-64A83CC13884): 2
LogDevObjectVersion:   Dev-LoadTimes (C2A15278-BFE7-4AFE-6C17-90FF531DF755): 1
LogDevObjectVersion:   Private-Geometry (6EACA3D4-40EC-4CC1-B786-8BED09428FC5): 3
LogDevObjectVersion:   Dev-AnimPhys (29E575DD-E0A3-4627-9D10-D276232CDCEA): 17
LogDevObjectVersion:   Dev-Anim (AF43A65D-7FD3-4947-9873-3E8ED9C1BB05): 2
LogDevObjectVersion:   Dev-ReflectionCapture (6B266CEC-1EC7-4B8F-A30B-E4D90942FC07): 1
LogDevObjectVersion:   Dev-Automation (0DF73D61-A23F-47EA-B727-89E90C41499A): 1
LogDevObjectVersion:   FortniteMain (601D1886-AC64-4F84-AA16-D3DE0DEAC7D6): 27
LogDevObjectVersion:   Dev-Enterprise (9DFFBCD6-494F-0158-E221-12823C92A888): 6
LogDevObjectVersion:   Dev-Niagara (F2AED0AC-9AFE-416F-8664-AA7FFA26D6FC): 1
LogDevObjectVersion:   Dev-Destruction (174F1F0B-B4C6-45A5-B13F-2EE8D0FB917D): 9
LogInit: Presizing for max 16777216 objects, including 0 objects not considered by GC, pre-allocating 0 bytes for permanent pool.
LogInit: Object subsystem initialized
LogConfig: Setting CVar [[con.DebugEarlyDefault:1]]
LogConfig: Setting CVar [[r.setres:1280x720]]
[2019.12.24-15.28.46:064][  0]LogConfig: Setting CVar [[r.VSync:0]]
[2019.12.24-15.28.46:064][  0]LogConfig: Setting CVar [[r.RHICmdBypass:0]]
[2019.12.24-15.28.46:064][  0]LogConfig: Applying CVar settings from Section [/Script/Engine.RendererSettings] File [D:/Unreal Projects/BuildingEscapeGame/BuildingEscape/Saved/Config/Windows/Engine.ini]
[2019.12.24-15.28.46:064][  0]LogConfig: Setting CVar [[r.GPUCrashDebugging:0]]
[2019.12.24-15.28.46:064][  0]LogConfig: Setting CVar [[r.DefaultFeature.AutoExposure.ExtendDefaultLuminanceRange:1]]
[2019.12.24-15.28.46:064][  0]LogConfig: Applying CVar settings from Section [/Script/Engine.RendererOverrideSettings] File [D:/Unreal Projects/BuildingEscapeGame/BuildingEscape/Saved/Config/Windows/Engine.ini]
[2019.12.24-15.28.46:064][  0]LogConfig: Applying CVar settings from Section [/Script/Engine.StreamingSettings] File [D:/Unreal Projects/BuildingEscapeGame/BuildingEscape/Saved/Config/Windows/Engine.ini]
[2019.12.24-15.28.46:064][  0]LogConfig: Setting CVar [[s.MinBulkDataSizeForAsyncLoading:131072]]
[2019.12.24-15.28.46:064][  0]LogConfig: Setting CVar [[s.AsyncLoadingThreadEnabled:0]]
[2019.12.24-15.28.46:064][  0]LogConfig: Setting CVar [[s.EventDrivenLoaderEnabled:1]]
[2019.12.24-15.28.46:064][  0]LogConfig: Setting CVar [[s.WarnIfTimeLimitExceeded:0]]
[2019.12.24-15.28.46:064][  0]LogConfig: Setting CVar [[s.TimeLimitExceededMultiplier:1.5]]
[2019.12.24-15.28.46:064][  0]LogConfig: Setting CVar [[s.TimeLimitExceededMinTime:0.005]]
[2019.12.24-15.28.46:064][  0]LogConfig: Setting CVar [[s.UseBackgroundLevelStreaming:1]]
[2019.12.24-15.28.46:064][  0]LogConfig: Setting CVar [[s.PriorityAsyncLoadingExtraTime:15.0]]
[2019.12.24-15.28.46:064][  0]LogConfig: Setting CVar [[s.LevelStreamingActorsUpdateTimeLimit:5.0]]
[2019.12.24-15.28.46:064][  0]LogConfig: Setting CVar [[s.PriorityLevelStreamingActorsUpdateExtraTime:5.0]]
[2019.12.24-15.28.46:064][  0]LogConfig: Setting CVar [[s.LevelStreamingComponentsRegistrationGranularity:10]]
[2019.12.24-15.28.46:064][  0]LogConfig: Setting CVar [[s.UnregisterComponentsTimeLimit:1.0]]
[2019.12.24-15.28.46:064][  0]LogConfig: Setting CVar [[s.LevelStreamingComponentsUnregistrationGranularity:5]]
[2019.12.24-15.28.46:064][  0]LogConfig: Applying CVar settings from Section [/Script/Engine.GarbageCollectionSettings] File [D:/Unreal Projects/BuildingEscapeGame/BuildingEscape/Saved/Config/Windows/Engine.ini]
[2019.12.24-15.28.46:064][  0]LogConfig: Setting CVar [[gc.MaxObjectsNotConsideredByGC:1]]
[2019.12.24-15.28.46:065][  0]LogConfig: Setting CVar [[gc.SizeOfPermanentObjectPool:0]]
[2019.12.24-15.28.46:065][  0]LogConfig: Setting CVar [[gc.FlushStreamingOnGC:0]]
[2019.12.24-15.28.46:065][  0]LogConfig: Setting CVar [[gc.NumRetriesBeforeForcingGC:10]]
[2019.12.24-15.28.46:065][  0]LogConfig: Setting CVar [[gc.AllowParallelGC:1]]
[2019.12.24-15.28.46:065][  0]LogConfig: Setting CVar [[gc.TimeBetweenPurgingPendingKillObjects:61.1]]
[2019.12.24-15.28.46:065][  0]LogConfig: Setting CVar [[gc.MaxObjectsInEditor:16777216]]
[2019.12.24-15.28.46:065][  0]LogConfig: Setting CVar [[gc.IncrementalBeginDestroyEnabled:1]]
[2019.12.24-15.28.46:065][  0]LogConfig: Setting CVar [[gc.CreateGCClusters:1]]
[2019.12.24-15.28.46:065][  0]LogConfig: Setting CVar [[gc.MinGCClusterSize:5]]
[2019.12.24-15.28.46:065][  0]LogConfig: Setting CVar [[gc.ActorClusteringEnabled:0]]
[2019.12.24-15.28.46:065][  0]LogConfig: Setting CVar [[gc.BlueprintClusteringEnabled:0]]
[2019.12.24-15.28.46:065][  0]LogConfig: Setting CVar [[gc.UseDisregardForGCOnDedicatedServers:0]]
[2019.12.24-15.28.46:065][  0]LogConfig: Applying CVar settings from Section [/Script/Engine.NetworkSettings] File [D:/Unreal Projects/BuildingEscapeGame/BuildingEscape/Saved/Config/Windows/Engine.ini]
[2019.12.24-15.28.46:065][  0]LogConfig: Applying CVar settings from Section [/Script/UnrealEd.CookerSettings] File [D:/Unreal Projects/BuildingEscapeGame/BuildingEscape/Saved/Config/Windows/Engine.ini]
[2019.12.24-15.28.46:067][  0]LogConfig: Applying CVar settings from Section [ViewDistanceQuality@3] File [D:/Unreal Projects/BuildingEscapeGame/BuildingEscape/Saved/Config/Windows/Scalability.ini]
[2019.12.24-15.28.46:067][  0]LogConfig: Setting CVar [[r.SkeletalMeshLODBias:0]]
[2019.12.24-15.28.46:067][  0]LogConfig: Setting CVar [[r.ViewDistanceScale:1.0]]
[2019.12.24-15.28.46:067][  0]LogConfig: Applying CVar settings from Section [AntiAliasingQuality@3] File [D:/Unreal Projects/BuildingEscapeGame/BuildingEscape/Saved/Config/Windows/Scalability.ini]
[2019.12.24-15.28.46:067][  0]LogConfig: Setting CVar [[r.PostProcessAAQuality:4]]
[2019.12.24-15.28.46:067][  0]LogConfig: Applying CVar settings from Section [ShadowQuality@3] File [D:/Unreal Projects/BuildingEscapeGame/BuildingEscape/Saved/Config/Windows/Scalability.ini]
[2019.12.24-15.28.46:067][  0]LogConfig: Setting CVar [[r.LightFunctionQuality:1]]
[2019.12.24-15.28.46:067][  0]LogConfig: Setting CVar [[r.ShadowQuality:5]]
[2019.12.24-15.28.46:067][  0]LogConfig: Setting CVar [[r.Shadow.CSM.MaxCascades:10]]
[2019.12.24-15.28.46:067][  0]LogConfig: Setting CVar [[r.Shadow.MaxResolution:2048]]
[2019.12.24-15.28.46:067][  0]LogConfig: Setting CVar [[r.Shadow.MaxCSMResolution:2048]]
[2019.12.24-15.28.46:067][  0]LogConfig: Setting CVar [[r.Shadow.RadiusThreshold:0.01]]
[2019.12.24-15.28.46:067][  0]LogConfig: Setting CVar [[r.Shadow.DistanceScale:1.0]]
[2019.12.24-15.28.46:067][  0]LogConfig: Setting CVar [[r.Shadow.CSM.TransitionScale:1.0]]
[2019.12.24-15.28.46:067][  0]LogConfig: Setting CVar [[r.Shadow.PreShadowResolutionFactor:1.0]]
[2019.12.24-15.28.46:067][  0]LogConfig: Setting CVar [[r.DistanceFieldShadowing:1]]
[2019.12.24-15.28.46:067][  0]LogConfig: Setting CVar [[r.DistanceFieldAO:1]]
[2019.12.24-15.28.46:067][  0]LogConfig: Setting CVar [[r.AOQuality:2]]
[2019.12.24-15.28.46:067][  0]LogConfig: Setting CVar [[r.VolumetricFog:1]]
[2019.12.24-15.28.46:067][  0]LogConfig: Setting CVar [[r.VolumetricFog.GridPixelSize:8]]
[2019.12.24-15.28.46:067][  0]LogConfig: Setting CVar [[r.VolumetricFog.GridSizeZ:128]]
[2019.12.24-15.28.46:067][  0]LogConfig: Setting CVar [[r.VolumetricFog.HistoryMissSupersampleCount:4]]
[2019.12.24-15.28.46:067][  0]LogConfig: Setting CVar [[r.LightMaxDrawDistanceScale:1]]
[2019.12.24-15.28.46:067][  0]LogConfig: Setting CVar [[r.CapsuleShadows:1]]
[2019.12.24-15.28.46:067][  0]LogConfig: Applying CVar settings from Section [PostProcessQuality@3] File [D:/Unreal Projects/BuildingEscapeGame/BuildingEscape/Saved/Config/Windows/Scalability.ini]
[2019.12.24-15.28.46:067][  0]LogConfig: Setting CVar [[r.MotionBlurQuality:4]]
[2019.12.24-15.28.46:067][  0]LogConfig: Setting CVar [[r.AmbientOcclusionMipLevelFactor:0.4]]
[2019.12.24-15.28.46:067][  0]LogConfig: Setting CVar [[r.AmbientOcclusionMaxQuality:100]]
[2019.12.24-15.28.46:067][  0]LogConfig: Setting CVar [[r.AmbientOcclusionLevels:-1]]
[2019.12.24-15.28.46:067][  0]LogConfig: Setting CVar [[r.AmbientOcclusionRadiusScale:1.0]]
[2019.12.24-15.28.46:067][  0]LogConfig: Setting CVar [[r.DepthOfFieldQuality:2]]
[2019.12.24-15.28.46:067][  0]LogConfig: Setting CVar [[r.RenderTargetPoolMin:400]]
[2019.12.24-15.28.46:067][  0]LogConfig: Setting CVar [[r.LensFlareQuality:2]]
[2019.12.24-15.28.46:067][  0]LogConfig: Setting CVar [[r.SceneColorFringeQuality:1]]
[2019.12.24-15.28.46:067][  0]LogConfig: Setting CVar [[r.EyeAdaptationQuality:2]]
[2019.12.24-15.28.46:067][  0]LogConfig: Setting CVar [[r.BloomQuality:5]]
[2019.12.24-15.28.46:067][  0]LogConfig: Setting CVar [[r.FastBlurThreshold:100]]
[2019.12.24-15.28.46:067][  0]LogConfig: Setting CVar [[r.Upscale.Quality:3]]
[2019.12.24-15.28.46:067][  0]LogConfig: Setting CVar [[r.Tonemapper.GrainQuantization:1]]
[2019.12.24-15.28.46:067][  0]LogConfig: Setting CVar [[r.LightShaftQuality:1]]
[2019.12.24-15.28.46:067][  0]LogConfig: Setting CVar [[r.Filter.SizeScale:1]]
[2019.12.24-15.28.46:067][  0]LogConfig: Setting CVar [[r.Tonemapper.Quality:5]]
[2019.12.24-15.28.46:067][  0]LogConfig: Setting CVar [[r.DOF.Gather.AccumulatorQuality:1        ; higher gathering accumulator quality]]
[2019.12.24-15.28.46:067][  0]LogConfig: Setting CVar [[r.DOF.Gather.PostfilterMethod:1          ; Median3x3 postfilering method]]
[2019.12.24-15.28.46:067][  0]LogConfig: Setting CVar [[r.DOF.Gather.EnableBokehSettings:0       ; no bokeh simulation when gathering]]
[2019.12.24-15.28.46:067][  0]LogConfig: Setting CVar [[r.DOF.Gather.RingCount:4                 ; medium number of samples when gathering]]
[2019.12.24-15.28.46:067][  0]LogConfig: Setting CVar [[r.DOF.Scatter.ForegroundCompositing:1    ; additive foreground scattering]]
[2019.12.24-15.28.46:067][  0]LogConfig: Setting CVar [[r.DOF.Scatter.BackgroundCompositing:2    ; additive background scattering]]
[2019.12.24-15.28.46:067][  0]LogConfig: Setting CVar [[r.DOF.Scatter.EnableBokehSettings:1      ; bokeh simulation when scattering]]
[2019.12.24-15.28.46:067][  0]LogConfig: Setting CVar [[r.DOF.Scatter.MaxSpriteRatio:0.1         ; only a maximum of 10% of scattered bokeh]]
[2019.12.24-15.28.46:067][  0]LogConfig: Setting CVar [[r.DOF.Recombine.Quality:1                ; cheap slight out of focus]]
[2019.12.24-15.28.46:067][  0]LogConfig: Setting CVar [[r.DOF.Recombine.EnableBokehSettings:0    ; no bokeh simulation on slight out of focus]]
[2019.12.24-15.28.46:067][  0]LogConfig: Setting CVar [[r.DOF.TemporalAAQuality:1                ; more stable temporal accumulation]]
[2019.12.24-15.28.46:067][  0]LogConfig: Setting CVar [[r.DOF.Kernel.MaxForegroundRadius:0.025]]
[2019.12.24-15.28.46:067][  0]LogConfig: Setting CVar [[r.DOF.Kernel.MaxBackgroundRadius:0.025]]
[2019.12.24-15.28.46:067][  0]LogConfig: Applying CVar settings from Section [TextureQuality@3] File [D:/Unreal Projects/BuildingEscapeGame/BuildingEscape/Saved/Config/Windows/Scalability.ini]
[2019.12.24-15.28.46:067][  0]LogConfig: Setting CVar [[r.Streaming.MipBias:0]]
[2019.12.24-15.28.46:067][  0]LogConfig: Setting CVar [[r.Streaming.AmortizeCPUToGPUCopy:0]]
[2019.12.24-15.28.46:067][  0]LogConfig: Setting CVar [[r.Streaming.MaxNumTexturesToStreamPerFrame:0]]
[2019.12.24-15.28.46:067][  0]LogConfig: Setting CVar [[r.Streaming.Boost:1]]
[2019.12.24-15.28.46:067][  0]LogConfig: Setting CVar [[r.MaxAnisotropy:8]]
[2019.12.24-15.28.46:067][  0]LogConfig: Setting CVar [[r.Streaming.LimitPoolSizeToVRAM:0]]
[2019.12.24-15.28.46:067][  0]LogConfig: Setting CVar [[r.Streaming.PoolSize:1000]]
[2019.12.24-15.28.46:067][  0]LogConfig: Setting CVar [[r.Streaming.MaxEffectiveScreenSize:0]]
[2019.12.24-15.28.46:067][  0]LogConfig: Applying CVar settings from Section [EffectsQuality@3] File [D:/Unreal Projects/BuildingEscapeGame/BuildingEscape/Saved/Config/Windows/Scalability.ini]
[2019.12.24-15.28.46:067][  0]LogConfig: Setting CVar [[r.TranslucencyLightingVolumeDim:64]]
[2019.12.24-15.28.46:067][  0]LogConfig: Setting CVar [[r.RefractionQuality:2]]
[2019.12.24-15.28.46:067][  0]LogConfig: Setting CVar [[r.SSR.Quality:3]]
[2019.12.24-15.28.46:067][  0]LogConfig: Setting CVar [[r.SceneColorFormat:4]]
[2019.12.24-15.28.46:067][  0]LogConfig: Setting CVar [[r.DetailMode:2]]
[2019.12.24-15.28.46:067][  0]LogConfig: Setting CVar [[r.TranslucencyVolumeBlur:1]]
[2019.12.24-15.28.46:067][  0]LogConfig: Setting CVar [[r.MaterialQualityLevel:1 ; High quality]]
[2019.12.24-15.28.46:067][  0]LogConfig: Setting CVar [[r.SSS.Scale:1]]
[2019.12.24-15.28.46:067][  0]LogConfig: Setting CVar [[r.SSS.SampleSet:2]]
[2019.12.24-15.28.46:067][  0]LogConfig: Setting CVar [[r.SSS.Quality:1]]
[2019.12.24-15.28.46:067][  0]LogConfig: Setting CVar [[r.SSS.HalfRes:1]]
[2019.12.24-15.28.46:068][  0]LogConfig: Setting CVar [[r.EmitterSpawnRateScale:1.0]]
[2019.12.24-15.28.46:068][  0]LogConfig: Setting CVar [[r.ParticleLightQuality:2]]
[2019.12.24-15.28.46:068][  0]LogConfig: Applying CVar settings from Section [FoliageQuality@3] File [D:/Unreal Projects/BuildingEscapeGame/BuildingEscape/Saved/Config/Windows/Scalability.ini]
[2019.12.24-15.28.46:068][  0]LogConfig: Setting CVar [[foliage.DensityScale:1.0]]
[2019.12.24-15.28.46:068][  0]LogConfig: Setting CVar [[grass.DensityScale:1.0]]
[2019.12.24-15.28.46:068][  0]LogInit: Selected Device Profile: [Windows]
[2019.12.24-15.28.46:068][  0]LogInit: Applying CVar settings loaded from the selected device profile: [Windows]
[2019.12.24-15.28.46:070][  0]LogHAL: Display: Platform has ~ 16 GB [17015644160 / 17179869184 / 16], which maps to Larger [LargestMinGB=32, LargerMinGB=12, DefaultMinGB=8, SmallerMinGB=6, SmallestMinGB=0)
[2019.12.24-15.28.46:070][  0]LogInit: Going up to parent DeviceProfile []
[2019.12.24-15.28.46:070][  0]LogConfig: Applying CVar settings from Section [ViewDistanceQuality@3] File [D:/Unreal Projects/BuildingEscapeGame/BuildingEscape/Saved/Config/Windows/Scalability.ini]
[2019.12.24-15.28.46:070][  0]LogConfig: Setting CVar [[r.SkeletalMeshLODBias:0]]
[2019.12.24-15.28.46:070][  0]LogConfig: Setting CVar [[r.ViewDistanceScale:1.0]]
[2019.12.24-15.28.46:070][  0]LogConfig: Applying CVar settings from Section [AntiAliasingQuality@3] File [D:/Unreal Projects/BuildingEscapeGame/BuildingEscape/Saved/Config/Windows/Scalability.ini]
[2019.12.24-15.28.46:070][  0]LogConfig: Setting CVar [[r.PostProcessAAQuality:4]]
[2019.12.24-15.28.46:070][  0]LogConfig: Applying CVar settings from Section [ShadowQuality@3] File [D:/Unreal Projects/BuildingEscapeGame/BuildingEscape/Saved/Config/Windows/Scalability.ini]
[2019.12.24-15.28.46:070][  0]LogConfig: Setting CVar [[r.LightFunctionQuality:1]]
[2019.12.24-15.28.46:070][  0]LogConfig: Setting CVar [[r.ShadowQuality:5]]
[2019.12.24-15.28.46:070][  0]LogConfig: Setting CVar [[r.Shadow.CSM.MaxCascades:10]]
[2019.12.24-15.28.46:070][  0]LogConfig: Setting CVar [[r.Shadow.MaxResolution:2048]]
[2019.12.24-15.28.46:070][  0]LogConfig: Setting CVar [[r.Shadow.MaxCSMResolution:2048]]
[2019.12.24-15.28.46:070][  0]LogConfig: Setting CVar [[r.Shadow.RadiusThreshold:0.01]]
[2019.12.24-15.28.46:070][  0]LogConfig: Setting CVar [[r.Shadow.DistanceScale:1.0]]
[2019.12.24-15.28.46:070][  0]LogConfig: Setting CVar [[r.Shadow.CSM.TransitionScale:1.0]]
[2019.12.24-15.28.46:070][  0]LogConfig: Setting CVar [[r.Shadow.PreShadowResolutionFactor:1.0]]
[2019.12.24-15.28.46:070][  0]LogConfig: Setting CVar [[r.DistanceFieldShadowing:1]]
[2019.12.24-15.28.46:070][  0]LogConfig: Setting CVar [[r.DistanceFieldAO:1]]
[2019.12.24-15.28.46:070][  0]LogConfig: Setting CVar [[r.AOQuality:2]]
[2019.12.24-15.28.46:070][  0]LogConfig: Setting CVar [[r.VolumetricFog:1]]
[2019.12.24-15.28.46:070][  0]LogConfig: Setting CVar [[r.VolumetricFog.GridPixelSize:8]]
[2019.12.24-15.28.46:070][  0]LogConfig: Setting CVar [[r.VolumetricFog.GridSizeZ:128]]
[2019.12.24-15.28.46:070][  0]LogConfig: Setting CVar [[r.VolumetricFog.HistoryMissSupersampleCount:4]]
[2019.12.24-15.28.46:070][  0]LogConfig: Setting CVar [[r.LightMaxDrawDistanceScale:1]]
[2019.12.24-15.28.46:070][  0]LogConfig: Setting CVar [[r.CapsuleShadows:1]]
[2019.12.24-15.28.46:070][  0]LogConfig: Applying CVar settings from Section [PostProcessQuality@3] File [D:/Unreal Projects/BuildingEscapeGame/BuildingEscape/Saved/Config/Windows/Scalability.ini]
[2019.12.24-15.28.46:070][  0]LogConfig: Setting CVar [[r.MotionBlurQuality:4]]
[2019.12.24-15.28.46:070][  0]LogConfig: Setting CVar [[r.AmbientOcclusionMipLevelFactor:0.4]]
[2019.12.24-15.28.46:070][  0]LogConfig: Setting CVar [[r.AmbientOcclusionMaxQuality:100]]
[2019.12.24-15.28.46:070][  0]LogConfig: Setting CVar [[r.AmbientOcclusionLevels:-1]]
[2019.12.24-15.28.46:070][  0]LogConfig: Setting CVar [[r.AmbientOcclusionRadiusScale:1.0]]
[2019.12.24-15.28.46:070][  0]LogConfig: Setting CVar [[r.DepthOfFieldQuality:2]]
[2019.12.24-15.28.46:070][  0]LogConfig: Setting CVar [[r.RenderTargetPoolMin:400]]
[2019.12.24-15.28.46:070][  0]LogConfig: Setting CVar [[r.LensFlareQuality:2]]
[2019.12.24-15.28.46:070][  0]LogConfig: Setting CVar [[r.SceneColorFringeQuality:1]]
[2019.12.24-15.28.46:070][  0]LogConfig: Setting CVar [[r.EyeAdaptationQuality:2]]
[2019.12.24-15.28.46:070][  0]LogConfig: Setting CVar [[r.BloomQuality:5]]
[2019.12.24-15.28.46:070][  0]LogConfig: Setting CVar [[r.FastBlurThreshold:100]]
[2019.12.24-15.28.46:070][  0]LogConfig: Setting CVar [[r.Upscale.Quality:3]]
[2019.12.24-15.28.46:070][  0]LogConfig: Setting CVar [[r.Tonemapper.GrainQuantization:1]]
[2019.12.24-15.28.46:070][  0]LogConfig: Setting CVar [[r.LightShaftQuality:1]]
[2019.12.24-15.28.46:070][  0]LogConfig: Setting CVar [[r.Filter.SizeScale:1]]
[2019.12.24-15.28.46:070][  0]LogConfig: Setting CVar [[r.Tonemapper.Quality:5]]
[2019.12.24-15.28.46:070][  0]LogConfig: Setting CVar [[r.DOF.Gather.AccumulatorQuality:1        ; higher gathering accumulator quality]]
[2019.12.24-15.28.46:070][  0]LogConfig: Setting CVar [[r.DOF.Gather.PostfilterMethod:1          ; Median3x3 postfilering method]]
[2019.12.24-15.28.46:070][  0]LogConfig: Setting CVar [[r.DOF.Gather.EnableBokehSettings:0       ; no bokeh simulation when gathering]]
[2019.12.24-15.28.46:070][  0]LogConfig: Setting CVar [[r.DOF.Gather.RingCount:4                 ; medium number of samples when gathering]]
[2019.12.24-15.28.46:070][  0]LogConfig: Setting CVar [[r.DOF.Scatter.ForegroundCompositing:1    ; additive foreground scattering]]
[2019.12.24-15.28.46:070][  0]LogConfig: Setting CVar [[r.DOF.Scatter.BackgroundCompositing:2    ; additive background scattering]]
[2019.12.24-15.28.46:070][  0]LogConfig: Setting CVar [[r.DOF.Scatter.EnableBokehSettings:1      ; bokeh simulation when scattering]]
[2019.12.24-15.28.46:070][  0]LogConfig: Setting CVar [[r.DOF.Scatter.MaxSpriteRatio:0.1         ; only a maximum of 10% of scattered bokeh]]
[2019.12.24-15.28.46:070][  0]LogConfig: Setting CVar [[r.DOF.Recombine.Quality:1                ; cheap slight out of focus]]
[2019.12.24-15.28.46:070][  0]LogConfig: Setting CVar [[r.DOF.Recombine.EnableBokehSettings:0    ; no bokeh simulation on slight out of focus]]
[2019.12.24-15.28.46:070][  0]LogConfig: Setting CVar [[r.DOF.TemporalAAQuality:1                ; more stable temporal accumulation]]
[2019.12.24-15.28.46:070][  0]LogConfig: Setting CVar [[r.DOF.Kernel.MaxForegroundRadius:0.025]]
[2019.12.24-15.28.46:070][  0]LogConfig: Setting CVar [[r.DOF.Kernel.MaxBackgroundRadius:0.025]]
[2019.12.24-15.28.46:070][  0]LogConfig: Applying CVar settings from Section [TextureQuality@3] File [D:/Unreal Projects/BuildingEscapeGame/BuildingEscape/Saved/Config/Windows/Scalability.ini]
[2019.12.24-15.28.46:070][  0]LogConfig: Setting CVar [[r.Streaming.MipBias:0]]
[2019.12.24-15.28.46:070][  0]LogConfig: Setting CVar [[r.Streaming.AmortizeCPUToGPUCopy:0]]
[2019.12.24-15.28.46:070][  0]LogConfig: Setting CVar [[r.Streaming.MaxNumTexturesToStreamPerFrame:0]]
[2019.12.24-15.28.46:070][  0]LogConfig: Setting CVar [[r.Streaming.Boost:1]]
[2019.12.24-15.28.46:070][  0]LogConfig: Setting CVar [[r.MaxAnisotropy:8]]
[2019.12.24-15.28.46:070][  0]LogConfig: Setting CVar [[r.Streaming.LimitPoolSizeToVRAM:0]]
[2019.12.24-15.28.46:070][  0]LogConfig: Setting CVar [[r.Streaming.PoolSize:1000]]
[2019.12.24-15.28.46:070][  0]LogConfig: Setting CVar [[r.Streaming.MaxEffectiveScreenSize:0]]
[2019.12.24-15.28.46:070][  0]LogConfig: Applying CVar settings from Section [EffectsQuality@3] File [D:/Unreal Projects/BuildingEscapeGame/BuildingEscape/Saved/Config/Windows/Scalability.ini]
[2019.12.24-15.28.46:071][  0]LogConfig: Setting CVar [[r.TranslucencyLightingVolumeDim:64]]
[2019.12.24-15.28.46:071][  0]LogConfig: Setting CVar [[r.RefractionQuality:2]]
[2019.12.24-15.28.46:071][  0]LogConfig: Setting CVar [[r.SSR.Quality:3]]
[2019.12.24-15.28.46:071][  0]LogConfig: Setting CVar [[r.SceneColorFormat:4]]
[2019.12.24-15.28.46:071][  0]LogConfig: Setting CVar [[r.DetailMode:2]]
[2019.12.24-15.28.46:071][  0]LogConfig: Setting CVar [[r.TranslucencyVolumeBlur:1]]
[2019.12.24-15.28.46:071][  0]LogConfig: Setting CVar [[r.MaterialQualityLevel:1 ; High quality]]
[2019.12.24-15.28.46:071][  0]LogConfig: Setting CVar [[r.SSS.Scale:1]]
[2019.12.24-15.28.46:071][  0]LogConfig: Setting CVar [[r.SSS.SampleSet:2]]
[2019.12.24-15.28.46:071][  0]LogConfig: Setting CVar [[r.SSS.Quality:1]]
[2019.12.24-15.28.46:071][  0]LogConfig: Setting CVar [[r.SSS.HalfRes:1]]
[2019.12.24-15.28.46:071][  0]LogConfig: Setting CVar [[r.EmitterSpawnRateScale:1.0]]
[2019.12.24-15.28.46:071][  0]LogConfig: Setting CVar [[r.ParticleLightQuality:2]]
[2019.12.24-15.28.46:071][  0]LogConfig: Applying CVar settings from Section [FoliageQuality@3] File [D:/Unreal Projects/BuildingEscapeGame/BuildingEscape/Saved/Config/Windows/Scalability.ini]
[2019.12.24-15.28.46:071][  0]LogConfig: Setting CVar [[foliage.DensityScale:1.0]]
[2019.12.24-15.28.46:071][  0]LogConfig: Setting CVar [[grass.DensityScale:1.0]]
[2019.12.24-15.28.46:071][  0]LogConfig: Applying CVar settings from Section [Startup] File [../../../Engine/Config/ConsoleVariables.ini]
[2019.12.24-15.28.46:071][  0]LogConfig: Setting CVar [[net.UseAdaptiveNetUpdateFrequency:0]]
[2019.12.24-15.28.46:071][  0]LogConfig: Setting CVar [[p.chaos.AllowCreatePhysxBodies:1]]
[2019.12.24-15.28.46:071][  0]LogConfig: Applying CVar settings from Section [ConsoleVariables] File [D:/Unreal Projects/BuildingEscapeGame/BuildingEscape/Saved/Config/Windows/Engine.ini]
[2019.12.24-15.28.46:071][  0]LogInit: Computer: MSI
[2019.12.24-15.28.46:071][  0]LogInit: User: Bryondr
[2019.12.24-15.28.46:071][  0]LogInit: CPU Page size=4096, Cores=6
[2019.12.24-15.28.46:071][  0]LogInit: High frequency timer resolution =10.000000 MHz
[2019.12.24-15.28.46:071][  0]LogMemory: Memory total: Physical=15.8GB (16GB approx)
[2019.12.24-15.28.46:071][  0]LogMemory: Platform Memory Stats for Windows
[2019.12.24-15.28.46:071][  0]LogMemory: Process Physical Memory: 105.94 MB used, 105.95 MB peak
[2019.12.24-15.28.46:071][  0]LogMemory: Process Virtual Memory: 102.39 MB used, 102.39 MB peak
[2019.12.24-15.28.46:071][  0]LogMemory: Physical Memory: 7222.06 MB used,  9005.32 MB free, 16227.38 MB total
[2019.12.24-15.28.46:071][  0]LogMemory: Virtual Memory: 4743.96 MB used,  134212984.00 MB free, 134217728.00 MB total
[2019.12.24-15.28.46:074][  0]LogWindows: WindowsPlatformFeatures enabled
[2019.12.24-15.28.46:098][  0]LogInit: Using OS detected language (en-US).
[2019.12.24-15.28.46:098][  0]LogInit: Using OS detected locale (en-US).
[2019.12.24-15.28.46:099][  0]LogTextLocalizationManager: No specific localization for 'en-US' exists, so the 'en' localization will be used.
[2019.12.24-15.28.46:267][  0]LogSlate: New Slate User Created.  User Index 0, Is Virtual User: 0
[2019.12.24-15.28.46:267][  0]LogSlate: Slate User Registered.  User Index 0, Is Virtual User: 0
[2019.12.24-15.28.46:432][  0]LogHMD: Failed to initialize OpenVR with code 110
[2019.12.24-15.28.46:432][  0]LogD3D11RHI: D3D11 adapters:
[2019.12.24-15.28.46:510][  0]LogD3D11RHI:    0. 'NVIDIA GeForce RTX 2060' (Feature Level 11_0)
[2019.12.24-15.28.46:510][  0]LogD3D11RHI:       5980/0/8113 MB DedicatedVideo/DedicatedSystem/SharedSystem, Outputs:1, VendorId:0x10de
[2019.12.24-15.28.46:536][  0]LogD3D11RHI:    1. 'Intel(R) UHD Graphics 630' (Feature Level 11_0)
[2019.12.24-15.28.46:536][  0]LogD3D11RHI:       128/0/8113 MB DedicatedVideo/DedicatedSystem/SharedSystem, Outputs:0, VendorId:0x8086
[2019.12.24-15.28.46:538][  0]LogD3D11RHI:    2. 'Microsoft Basic Render Driver' (Feature Level 11_0)
[2019.12.24-15.28.46:538][  0]LogD3D11RHI:       0/0/8113 MB DedicatedVideo/DedicatedSystem/SharedSystem, Outputs:0, VendorId:0x1414
[2019.12.24-15.28.46:538][  0]LogD3D11RHI: Chosen D3D11 Adapter: 0
[2019.12.24-15.28.46:569][  0]LogD3D11RHI: Creating new Direct3DDevice
[2019.12.24-15.28.46:569][  0]LogD3D11RHI:     GPU DeviceId: 0x1f11 (for the marketing name, search the web for "GPU Device Id")
[2019.12.24-15.28.46:569][  0]LogWindows: EnumDisplayDevices:
[2019.12.24-15.28.46:569][  0]LogWindows:    0. 'Intel(R) UHD Graphics 630' (P:1 D:1)
[2019.12.24-15.28.46:569][  0]LogWindows:    1. 'Intel(R) UHD Graphics 630' (P:0 D:0)
[2019.12.24-15.28.46:570][  0]LogWindows:    2. 'Intel(R) UHD Graphics 630' (P:0 D:0)
[2019.12.24-15.28.46:570][  0]LogWindows:    3. 'NVIDIA GeForce RTX 2060' (P:0 D:0)
[2019.12.24-15.28.46:570][  0]LogWindows:    4. 'NVIDIA GeForce RTX 2060' (P:0 D:0)
[2019.12.24-15.28.46:570][  0]LogWindows:    5. 'NVIDIA GeForce RTX 2060' (P:0 D:0)
[2019.12.24-15.28.46:570][  0]LogWindows:    6. 'NVIDIA GeForce RTX 2060' (P:0 D:0)
[2019.12.24-15.28.46:571][  0]LogWindows: DebugString: PrimaryIsNotTheChoosenAdapter PrimaryIsNotTheChoosenAdapter PrimaryIsNotTheChoosenAdapter FoundDriverCount:4 
[2019.12.24-15.28.46:571][  0]LogD3D11RHI:     Adapter Name: NVIDIA GeForce RTX 2060
[2019.12.24-15.28.46:571][  0]LogD3D11RHI:   Driver Version: 441.66 (internal:26.21.14.4166, unified:441.66)
[2019.12.24-15.28.46:571][  0]LogD3D11RHI:      Driver Date: 12-6-2019
[2019.12.24-15.28.46:571][  0]LogRHI: Texture pool is 4186 MB (70% of 5980 MB)
[2019.12.24-15.28.46:613][  0]LogD3D11RHI: Async texture creation enabled
[2019.12.24-15.28.46:630][  0]LogD3D11RHI: GPU Timing Frequency: 1000.000000 (Debug: 2 1)
[2019.12.24-15.28.46:897][  0]LogTemp: Display: Module 'AllDesktopTargetPlatform' loaded TargetPlatform 'AllDesktop'
[2019.12.24-15.28.46:905][  0]LogTemp: Display: Module 'MacClientTargetPlatform' loaded TargetPlatform 'MacClient'
[2019.12.24-15.28.46:912][  0]LogTemp: Display: Module 'MacNoEditorTargetPlatform' loaded TargetPlatform 'MacNoEditor'
[2019.12.24-15.28.46:920][  0]LogTemp: Display: Module 'MacServerTargetPlatform' loaded TargetPlatform 'MacServer'
[2019.12.24-15.28.46:928][  0]LogTemp: Display: Module 'MacTargetPlatform' loaded TargetPlatform 'Mac'
[2019.12.24-15.28.46:936][  0]LogTemp: Display: Module 'WindowsClientTargetPlatform' loaded TargetPlatform 'WindowsClient'
[2019.12.24-15.28.46:943][  0]LogTemp: Display: Module 'WindowsNoEditorTargetPlatform' loaded TargetPlatform 'WindowsNoEditor'
[2019.12.24-15.28.46:950][  0]LogTemp: Display: Module 'WindowsServerTargetPlatform' loaded TargetPlatform 'WindowsServer'
[2019.12.24-15.28.46:954][  0]LogTemp: Display: Module 'WindowsTargetPlatform' loaded TargetPlatform 'Windows'
[2019.12.24-15.28.46:981][  0]LogTemp: Display: Module 'AndroidTargetPlatform' loaded TargetPlatform 'Android'
[2019.12.24-15.28.46:981][  0]LogTemp: Display: Module 'AndroidTargetPlatform' loaded TargetPlatform 'Android_ASTC'
[2019.12.24-15.28.46:982][  0]LogTemp: Display: Module 'AndroidTargetPlatform' loaded TargetPlatform 'Android_ATC'
[2019.12.24-15.28.46:982][  0]LogTemp: Display: Module 'AndroidTargetPlatform' loaded TargetPlatform 'Android_DXT'
[2019.12.24-15.28.46:982][  0]LogTemp: Display: Module 'AndroidTargetPlatform' loaded TargetPlatform 'Android_ETC1'
[2019.12.24-15.28.46:982][  0]LogTemp: Display: Module 'AndroidTargetPlatform' loaded TargetPlatform 'Android_ETC1a'
[2019.12.24-15.28.46:982][  0]LogTemp: Display: Module 'AndroidTargetPlatform' loaded TargetPlatform 'Android_ETC2'
[2019.12.24-15.28.46:982][  0]LogTemp: Display: Module 'AndroidTargetPlatform' loaded TargetPlatform 'Android_PVRTC'
[2019.12.24-15.28.46:982][  0]LogTemp: Display: Module 'AndroidTargetPlatform' loaded TargetPlatform 'AndroidClient'
[2019.12.24-15.28.46:982][  0]LogTemp: Display: Module 'AndroidTargetPlatform' loaded TargetPlatform 'Android_ASTCClient'
[2019.12.24-15.28.46:982][  0]LogTemp: Display: Module 'AndroidTargetPlatform' loaded TargetPlatform 'Android_ATCClient'
[2019.12.24-15.28.46:982][  0]LogTemp: Display: Module 'AndroidTargetPlatform' loaded TargetPlatform 'Android_DXTClient'
[2019.12.24-15.28.46:982][  0]LogTemp: Display: Module 'AndroidTargetPlatform' loaded TargetPlatform 'Android_ETC1Client'
[2019.12.24-15.28.46:982][  0]LogTemp: Display: Module 'AndroidTargetPlatform' loaded TargetPlatform 'Android_ETC1aClient'
[2019.12.24-15.28.46:982][  0]LogTemp: Display: Module 'AndroidTargetPlatform' loaded TargetPlatform 'Android_ETC2Client'
[2019.12.24-15.28.46:982][  0]LogTemp: Display: Module 'AndroidTargetPlatform' loaded TargetPlatform 'Android_PVRTCClient'
[2019.12.24-15.28.46:982][  0]LogTemp: Display: Module 'AndroidTargetPlatform' loaded TargetPlatform 'Android_Multi'
[2019.12.24-15.28.46:982][  0]LogTemp: Display: Module 'AndroidTargetPlatform' loaded TargetPlatform 'Android_MultiClient'
[2019.12.24-15.28.46:983][  0]LogTemp: Display: Module 'HTML5TargetPlatform' loaded TargetPlatform 'HTML5'
[2019.12.24-15.28.46:998][  0]LogTemp: Display: Module 'IOSTargetPlatform' loaded TargetPlatform 'IOSClient'
[2019.12.24-15.28.46:998][  0]LogTemp: Display: Module 'IOSTargetPlatform' loaded TargetPlatform 'IOS'
[2019.12.24-15.28.47:011][  0]LogTemp: Display: Module 'TVOSTargetPlatform' loaded TargetPlatform 'TVOSClient'
[2019.12.24-15.28.47:011][  0]LogTemp: Display: Module 'TVOSTargetPlatform' loaded TargetPlatform 'TVOS'
[2019.12.24-15.28.47:017][  0]LogTemp: Display: Module 'LinuxClientTargetPlatform' loaded TargetPlatform 'LinuxClient'
[2019.12.24-15.28.47:022][  0]LogTemp: Display: Module 'LinuxNoEditorTargetPlatform' loaded TargetPlatform 'LinuxNoEditor'
[2019.12.24-15.28.47:028][  0]LogTemp: Display: Module 'LinuxServerTargetPlatform' loaded TargetPlatform 'LinuxServer'
[2019.12.24-15.28.47:035][  0]LogTemp: Display: Module 'LinuxTargetPlatform' loaded TargetPlatform 'Linux'
[2019.12.24-15.28.47:055][  0]LogTemp: Display: Module 'LuminTargetPlatform' loaded TargetPlatform 'Lumin'
[2019.12.24-15.28.47:055][  0]LogTemp: Display: Module 'LuminTargetPlatform' loaded TargetPlatform 'LuminClient'
[2019.12.24-15.28.47:055][  0]LogTargetPlatformManager: Display: Building Assets For Windows
[2019.12.24-15.28.47:064][  0]LogAudioDebug: Display: Lib vorbis DLL was dynamically loaded.
[2019.12.24-15.28.47:113][  0]LogShaderCompilers: Guid format shader working directory is -5 characters bigger than the processId version (D:/Unreal Projects/BuildingEscapeGame/BuildingEscape/Intermediate/Shaders/WorkingDirectory/22984/).
[2019.12.24-15.28.47:113][  0]LogShaderCompilers: Cleaned the shader compiler working directory 'C:/Users/Bryondr/AppData/Local/Temp/UnrealShaderWorkingDir/77BCDCB2458F2620A9F134A33F36B509/'.
[2019.12.24-15.28.47:116][  0]LogXGEController: Cleaning working directory: C:/Users/Bryondr/AppData/Local/Temp/UnrealXGEWorkingDir/
[2019.12.24-15.28.47:116][  0]LogXGEController: Cannot use XGE Controller as Incredibuild is not installed on this machine.
[2019.12.24-15.28.47:116][  0]LogShaderCompilers: Cannot use XGE Shader Compiler as Incredibuild is not installed on this machine.
[2019.12.24-15.28.47:116][  0]LogShaderCompilers: Display: Using Local Shader Compiler.
[2019.12.24-15.28.47:626][  0]LogDerivedDataCache: Display: Max Cache Size: 512 MB
[2019.12.24-15.28.47:668][  0]LogDerivedDataCache: Loaded boot cache 0.04s 74MB C:/Users/Bryondr/AppData/Local/UnrealEngine/4.23/DerivedDataCache/Boot.ddc.
[2019.12.24-15.28.47:668][  0]LogDerivedDataCache: Display: Loaded Boot cache: C:/Users/Bryondr/AppData/Local/UnrealEngine/4.23/DerivedDataCache/Boot.ddc
[2019.12.24-15.28.47:668][  0]LogDerivedDataCache: FDerivedDataBackendGraph:  Pak pak cache file D:/Unreal Projects/BuildingEscapeGame/BuildingEscape/DerivedDataCache/DDC.ddp not found, will not use a pak cache.
[2019.12.24-15.28.47:668][  0]LogDerivedDataCache: Unable to find inner node Pak for hierarchical cache Hierarchy.
[2019.12.24-15.28.47:668][  0]LogDerivedDataCache: FDerivedDataBackendGraph:  CompressedPak pak cache file D:/Unreal Projects/BuildingEscapeGame/BuildingEscape/DerivedDataCache/Compressed.ddp not found, will not use a pak cache.
[2019.12.24-15.28.47:668][  0]LogDerivedDataCache: Unable to find inner node CompressedPak for hierarchical cache Hierarchy.
[2019.12.24-15.28.47:678][  0]LogDerivedDataCache: Display: Pak cache opened for reading ../../../Engine/DerivedDataCache/Compressed.ddp.
[2019.12.24-15.28.47:679][  0]LogDerivedDataCache: Display: Pak cache opened for reading ../../../Enterprise/DerivedDataCache/Compressed.ddp.
[2019.12.24-15.28.47:680][  0]LogDerivedDataCache: Using Local data cache path C:/Users/Bryondr/AppData/Local/UnrealEngine/Common/DerivedDataCache: Writable
[2019.12.24-15.28.47:681][  0]LogDerivedDataCache: Shared data cache path not found in *engine.ini, will not use an Shared cache.
[2019.12.24-15.28.47:681][  0]LogDerivedDataCache: Unable to find inner node Shared for hierarchical cache Hierarchy.
[2019.12.24-15.28.47:698][  0]LogMaterial: Verifying Global Shaders for PCD3D_SM5
[2019.12.24-15.28.47:700][  0]LogSlate: Using FreeType 2.6.0
[2019.12.24-15.28.47:701][  0]LogSlate: SlateFontServices - WITH_FREETYPE: 1, WITH_HARFBUZZ: 1
[2019.12.24-15.28.47:752][  0]LogAssetRegistry: FAssetRegistry took 0.0022 seconds to start up
[2019.12.24-15.28.47:964][  0]LogInit: Selected Device Profile: [Windows]
[2019.12.24-15.28.48:007][  0]LogMeshReduction: Using QuadricMeshReduction for automatic static mesh reduction
[2019.12.24-15.28.48:007][  0]LogMeshReduction: Using SimplygonMeshReduction for automatic skeletal mesh reduction
[2019.12.24-15.28.48:007][  0]LogMeshReduction: Using ProxyLODMeshReduction for automatic mesh merging
[2019.12.24-15.28.48:007][  0]LogMeshReduction: No distributed automatic mesh merging module available
[2019.12.24-15.28.48:007][  0]LogMeshMerging: No distributed automatic mesh merging module available
[2019.12.24-15.28.48:098][  0]LogNetVersion: BuildingEscape 1.0.0, NetCL: 8386587, EngineNetVer: 11, GameNetVer: 0 (Checksum: 1610626118)
[2019.12.24-15.28.48:453][  0]LogPackageLocalizationCache: Processed 19 localized package path(s) for 1 prioritized culture(s) in 0.055154 seconds
[2019.12.24-15.28.48:459][  0]LogUObjectArray: 43444 objects as part of root set at end of initial load.
[2019.12.24-15.28.48:459][  0]LogUObjectAllocator: 7548648 out of 0 bytes used by permanent object pool.
[2019.12.24-15.28.48:459][  0]LogUObjectArray: CloseDisregardForGC: 0/0 objects in disregard for GC pool
[2019.12.24-15.28.49:180][  0]LogTcpMessaging: Initializing TcpMessaging bridge
[2019.12.24-15.28.49:183][  0]LogUdpMessaging: Initializing bridge on interface 0.0.0.0:0 to multicast group 230.0.0.1:6666.
[2019.12.24-15.28.49:492][  0]SourceControl: Source control is disabled
[2019.12.24-15.28.49:492][  0]SourceControl: Source control is disabled
[2019.12.24-15.28.49:493][  0]SourceControl: Source control is disabled
[2019.12.24-15.28.49:494][  0]SourceControl: Source control is disabled
[2019.12.24-15.28.49:632][  0]LogAndroidPermission: UAndroidPermissionCallbackProxy::GetInstance
[2019.12.24-15.28.49:964][  0]LogOcInput: OculusInput pre-init called
[2019.12.24-15.28.49:969][  0]LogWindows: Failed to load 'OVRPlugin.dll' (GetLastError=126)
[2019.12.24-15.28.49:969][  0]LogWindows: File 'OVRPlugin.dll' does not exist
[2019.12.24-15.28.49:985][  0]LogPython: Python Scripts search path: D:/Unreal Projects/BuildingEscapeGame/BuildingEscape/Content/Scripts
[2019.12.24-15.28.49:985][  0]LogPython: Python Scripts search path: ../../../Engine/Plugins/UnrealEnginePython
[2019.12.24-15.28.49:985][  0]LogPython: Python VM initialized: 3.6.2 (v3.6.2:5fd33b5, Jul  8 2017, 04:57:36) [MSC v.1900 64 bit (AMD64)]
[2019.12.24-15.28.50:101][  0]LogPython: ####################----------Python Integration for Megascans Initialized----------####################
[2019.12.24-15.28.50:101][  0]LogPython: 

[2019.12.24-15.28.50:101][  0]LogPython: C:\Program Files\Epic Games\UE_4.23\Engine\Plugins\UnrealEnginePython\
[2019.12.24-15.28.50:101][  0]LogPython: 

[2019.12.24-15.28.50:150][  0]LogPython: Megascans Integration - LiveLink Initialized...
[2019.12.24-15.28.50:150][  0]LogPython: 

[2019.12.24-15.28.50:151][  0]LogPython: ue_site Python module successfully imported
[2019.12.24-15.28.52:141][  0]LogEngine: Initializing Engine...
[2019.12.24-15.28.52:141][  0]LogHMD: Failed to initialize OpenVR with code 110
[2019.12.24-15.28.52:142][  0]LogStats: UGameplayTagsManager::InitializeManager -  0.000 s
[2019.12.24-15.28.52:324][  0]LogInit: Initializing FReadOnlyCVARCache
[2019.12.24-15.28.52:338][  0]LogAIModule: Creating AISystem for world Untitled
[2019.12.24-15.28.52:358][  0]LogInit: XAudio2 using 'Speakers (Realtek(R) Audio)' : 6 channels at 48 kHz using 32 bits per sample (channel mask 0x3f)
[2019.12.24-15.28.52:446][  0]LogInit: FAudioDevice initialized.
[2019.12.24-15.28.52:446][  0]LogNetVersion: Set ProjectVersion to 1.0.0.0. Version Checksum will be recalculated on next use.
[2019.12.24-15.28.52:499][  0]LogDerivedDataCache: Saved boot cache 0.05s 74MB C:/Users/Bryondr/AppData/Local/UnrealEngine/4.23/DerivedDataCache/Boot.ddc.
[2019.12.24-15.28.52:503][  0]LogInit: Texture streaming: Enabled
[2019.12.24-15.28.52:522][  0]LogEngineSessionManager: EngineSessionManager initialized
[2019.12.24-15.28.52:522][  0]LogEditorSessionSummary: Verbose: Initializing EditorSessionSummaryWriter for editor session tracking
[2019.12.24-15.28.52:525][  0]LogEditorSessionSummary: EditorSessionSummaryWriter initialized
[2019.12.24-15.28.52:571][  0]LogInit: Transaction tracking system initialized
[2019.12.24-15.28.52:601][  0]BlueprintLog: New page: Editor Load
[2019.12.24-15.28.52:672][  0]LocalizationService: Localization service is disabled
[2019.12.24-15.28.52:877][  0]LogFileCache: Scanning file cache for directory 'D:/Unreal Projects/BuildingEscapeGame/BuildingEscape/Content/' took 0.00s
[2019.12.24-15.28.52:877][  0]LogCook: Display: Max memory allowance for cook 16384mb min free memory 0mb
[2019.12.24-15.28.52:877][  0]LogCook: Display: Mobile HDR setting 1
[2019.12.24-15.28.54:184][  0]SourceControl: Source control is disabled
[2019.12.24-15.28.54:184][  0]Cmd: MAP LOAD FILE="../../../Engine/Content/Maps/Templates/Template_Default.umap" TEMPLATE=1 SHOWPROGRESS=1 FEATURELEVEL=3
[2019.12.24-15.28.54:184][  0]LightingResults: New page: Lighting Build
[2019.12.24-15.28.54:187][  0]LogWorld: UWorld::CleanupWorld for Untitled, bSessionEnded=true, bCleanupResources=true
[2019.12.24-15.28.54:187][  0]MapCheck: New page: Map Check
[2019.12.24-15.28.54:187][  0]LightingResults: New page: Lighting Build
[2019.12.24-15.28.54:215][  0]LogUObjectHash: Compacting FUObjectHashTables data took   1.46ms
[2019.12.24-15.28.54:277][  0]LogAIModule: Creating AISystem for world Untitled_1
[2019.12.24-15.28.54:281][  0]LogEditorServer: Finished looking for orphan Actors (0.000 secs)
[2019.12.24-15.28.54:308][  0]LogUObjectHash: Compacting FUObjectHashTables data took   2.31ms
[2019.12.24-15.28.54:309][  0]Cmd: MAP CHECKDEP NOCLEARLOG
[2019.12.24-15.28.54:309][  0]MapCheck: Map check complete: 0 Error(s), 0 Warning(s), took 0.161ms to complete.
[2019.12.24-15.28.54:309][  0]LogFileHelpers: Loading map 'Template_Default' took 0.125
[2019.12.24-15.28.54:393][  0]LogCollectionManager: Loaded 0 collections in 0.001977 seconds
[2019.12.24-15.28.54:400][  0]LogFileCache: Scanning file cache for directory 'D:/Unreal Projects/BuildingEscapeGame/BuildingEscape/Saved/Collections/' took 0.00s
[2019.12.24-15.28.54:400][  0]LogFileCache: Scanning file cache for directory 'D:/Unreal Projects/BuildingEscapeGame/BuildingEscape/Content/Developers/Bryondr/Collections/' took 0.00s
[2019.12.24-15.28.54:400][  0]LogFileCache: Scanning file cache for directory 'D:/Unreal Projects/BuildingEscapeGame/BuildingEscape/Content/Collections/' took 0.00s
[2019.12.24-15.28.54:400][  0]LogCollectionManager: Rebuilt the GUID cache for 0 collections in 0.000003 seconds
[2019.12.24-15.28.54:408][  0]LogContentBrowser: Native class hierarchy populated in 0.0080 seconds. Added 3066 classes and 774 folders.
[2019.12.24-15.28.54:416][  0]LogContentBrowser: Native class hierarchy updated for 'WidgetCarousel' in 0.0002 seconds. Added 0 classes and 0 folders.
[2019.12.24-15.28.54:462][  0]LogContentBrowser: Native class hierarchy updated for 'AddContentDialog' in 0.0003 seconds. Added 0 classes and 0 folders.
[2019.12.24-15.28.54:477][  0]LogSlate: Updating window title bar state: overlay mode, drag disabled, window buttons hidden, title bar hidden
[2019.12.24-15.28.54:485][  0]LogSlate: Updating window title bar state: overlay mode, drag disabled, window buttons hidden, title bar hidden
[2019.12.24-15.28.54:492][  0]LogSlate: Updating window title bar state: overlay mode, drag disabled, window buttons hidden, title bar hidden
[2019.12.24-15.28.54:499][  0]LogSlate: Updating window title bar state: overlay mode, drag disabled, window buttons hidden, title bar hidden
[2019.12.24-15.28.54:504][  0]LogContentBrowser: Native class hierarchy updated for 'SceneOutliner' in 0.0003 seconds. Added 1 classes and 0 folders.
[2019.12.24-15.28.54:585][  0]LogSlate: Took 0.000171 seconds to synchronously load lazily loaded font '../../../Engine/Content/Slate/Fonts/Roboto-Regular.ttf' (155K)
[2019.12.24-15.28.54:587][  0]LogSlate: Took 0.000124 seconds to synchronously load lazily loaded font '../../../Engine/Content/Editor/Slate/Fonts/FontAwesome.ttf' (139K)
[2019.12.24-15.28.54:588][  0]LogSlate: Took 0.000156 seconds to synchronously load lazily loaded font '../../../Engine/Content/Slate/Fonts/Roboto-Bold.ttf' (160K)
[2019.12.24-15.28.54:595][  0]LogSlate: Took 0.000153 seconds to synchronously load lazily loaded font '../../../Engine/Content/Slate/Fonts/Roboto-Light.ttf' (167K)
[2019.12.24-15.28.54:636][  0]LogRenderer: Reallocating scene render targets to support 1060x916 Format 10 NumSamples 1 (Frame:1).
[2019.12.24-15.28.54:753][  0]LogContentBrowser: Native class hierarchy updated for 'HierarchicalLODOutliner' in 0.0003 seconds. Added 0 classes and 0 folders.
[2019.12.24-15.28.54:753][  0]LogLoad: (Engine Initialization) Total time: 22.31 seconds
[2019.12.24-15.28.54:754][  0]LogLoad: (Engine Initialization) Total Blueprint compile time: 0.00 seconds
[2019.12.24-15.28.54:808][  0]LogAssetRegistry: Asset discovery search completed in 7.0578 seconds
[2019.12.24-15.28.54:812][  0]LogCollectionManager: Rebuilt the object cache for 0 collections in 0.000004 seconds (found 0 objects)
[2019.12.24-15.28.54:812][  0]LogCollectionManager: Fixed up redirectors for 0 collections in 0.000048 seconds (updated 0 objects)
[2019.12.24-15.28.54:813][  0]LogContentStreaming: Texture pool size now 1000 MB
[2019.12.24-15.28.54:948][  4]LogPython: tcp server spawned on 127.0.0.1:13428
[2019.12.24-15.28.56:304][ 84]LogSlate: FSceneViewport::OnFocusLost() reason 0
[2019.12.24-15.28.57:087][131]LogEditorViewport: Clicking on Actor (LMB): StaticMeshActor (Floor)
[2019.12.24-15.28.58:338][204]LogSlate: FSceneViewport::OnFocusLost() reason 0
[2019.12.24-15.29.05:357][624]LogActorFactory: Actor Factory created Sphere
[2019.12.24-15.29.05:815][651]LogActorFactory: Actor Factory created Sphere
[2019.12.24-15.29.06:482][690]LogSlate: Took 0.000167 seconds to synchronously load lazily loaded font '../../../Engine/Content/Slate/Fonts/Roboto-Italic.ttf' (157K)
[2019.12.24-15.29.07:092][726]LogSlate: FSceneViewport::OnFocusLost() reason 2
[2019.12.24-15.29.11:148][969]LogSlate: FSceneViewport::OnFocusLost() reason 2
[2019.12.24-15.29.14:609][177]LogSlate: FSceneViewport::OnFocusLost() reason 0
[2019.12.24-15.29.14:699][182]LogActorFactory: Actor Factory created Cube
[2019.12.24-15.29.15:368][222]LogActorFactory: Actor Factory created Cube
[2019.12.24-15.29.16:325][278]LogSlate: FSceneViewport::OnFocusLost() reason 2
[2019.12.24-15.29.54:769][584]LogEditorSessionSummary: EditorSessionSummary sent report. Type=Shutdown, SessionId={30E368CE-4E44-2DB8-7EEB-5D9FDD068E24}
[2019.12.24-15.37.56:031][  7]LogEditorSessionSummary: EditorSessionSummary sent report. Type=Shutdown, SessionId={C9A94733-42F3-DE35-2D35-BBBA5F40A2CD}
[2019.12.24-15.38.46:165][157]LogSlate: Took 0.000174 seconds to synchronously load lazily loaded font '../../../Engine/Content/Slate/Fonts/Roboto-Light.ttf' (167K)
[2019.12.24-15.38.54:920][183]LogUObjectHash: Compacting FUObjectHashTables data took   1.38ms
[2019.12.24-15.38.54:920][183]Cmd: OBJ SAVEPACKAGE PACKAGE="/Temp/Untitled_1" FILE="D:/Unreal Projects/BuildingEscapeGame/BuildingEscape/Saved/Autosaves/Temp/Untitled_1_Auto1.umap" SILENT=true AUTOSAVING=true KEEPDIRTY=false
[2019.12.24-15.38.54:938][183]LogSavePackage: Moving 'D:/Unreal Projects/BuildingEscapeGame/BuildingEscape/Saved/Untitled_1_Auto11FEB525644E1E4AFB8D142A980947AF8.tmp' to 'D:/Unreal Projects/BuildingEscapeGame/BuildingEscape/Saved/Autosaves/Temp/Untitled_1_Auto1.umap'
[2019.12.24-15.38.54:941][183]LogFileHelpers: Editor autosave (incl. sublevels) for '/Temp/Untitled_1' took 0.048
[2019.12.24-15.38.54:941][183]LogFileHelpers: Editor autosave (incl. sublevels) for all levels took 0.048
[2019.12.24-15.44.26:195][809]LogUObjectHash: Compacting FUObjectHashTables data took   1.65ms
[2019.12.24-15.44.27:310][809]LogSlate: Window 'Save Content' being destroyed
[2019.12.24-15.44.30:173][809]LogSlate: Window 'Save Level As' being destroyed
[2019.12.24-15.44.30:220][809]LogUObjectHash: Compacting FUObjectHashTables data took   1.70ms
[2019.12.24-15.44.30:297][809]LogAIModule: Creating AISystem for world Untitled
[2019.12.24-15.44.30:299][809]Cmd: OBJ SAVEPACKAGE PACKAGE="/Game/Untitled" FILE="D:/Unreal Projects/BuildingEscapeGame/BuildingEscape/Content/Untitled.umap" SILENT=true AUTOSAVING=false KEEPDIRTY=false
[2019.12.24-15.44.30:328][809]LogUObjectHash: Compacting FUObjectHashTables data took   1.84ms
[2019.12.24-15.44.30:422][809]LogSavePackage: Moving 'D:/Unreal Projects/BuildingEscapeGame/BuildingEscape/Saved/UntitledB699F7924A762163F1CB0FBA00CC6DFA.tmp' to 'D:/Unreal Projects/BuildingEscapeGame/BuildingEscape/Content/Untitled.umap'
[2019.12.24-15.44.30:427][809]LogFileHelpers: Saving map 'Untitled' took 0.248
[2019.12.24-15.44.30:461][809]LogSlate: Window 'BuildingEscape - Unreal Editor' being destroyed
[2019.12.24-15.44.30:578][810]Cmd: QUIT_EDITOR
[2019.12.24-15.44.30:596][810]LogWindowsTextInputMethodSystem: Display: IME system now deactivated.
[2019.12.24-15.44.30:608][810]LogExit: Preparing to exit.
[2019.12.24-15.44.30:652][810]LogWorld: UWorld::CleanupWorld for World_1, bSessionEnded=true, bCleanupResources=true
[2019.12.24-15.44.30:652][810]LogWorld: UWorld::CleanupWorld for World_0, bSessionEnded=true, bCleanupResources=true
[2019.12.24-15.44.30:663][810]LogDemo: Cleaned up 0 splitscreen connections with owner deletion
[2019.12.24-15.44.30:670][810]LogWorld: UWorld::CleanupWorld for None, bSessionEnded=true, bCleanupResources=true
[2019.12.24-15.44.30:670][810]LogExit: Editor shut down
[2019.12.24-15.44.30:670][810]LogExit: Transaction tracking system shut down
[2019.12.24-15.44.30:922][810]LogExit: Object subsystem successfully closed.
[2019.12.24-15.44.30:951][810]LogShaderCompilers: Display: Shaders left to compile 0
[2019.12.24-15.44.30:978][810]LogModuleManager: Shutting down and abandoning module HierarchicalLODOutliner (738)
[2019.12.24-15.44.30:978][810]LogModuleManager: Shutting down and abandoning module SceneOutliner (736)
[2019.12.24-15.44.30:978][810]LogModuleManager: Shutting down and abandoning module AddContentDialog (734)
[2019.12.24-15.44.30:978][810]LogModuleManager: Shutting down and abandoning module WidgetCarousel (733)
[2019.12.24-15.44.30:978][810]LogModuleManager: Shutting down and abandoning module EditorWidgets (730)
[2019.12.24-15.44.30:978][810]LogModuleManager: Shutting down and abandoning module CollectionManager (728)
[2019.12.24-15.44.30:979][810]LogModuleManager: Shutting down and abandoning module HierarchicalLODUtilities (726)
[2019.12.24-15.44.30:979][810]LogModuleManager: Shutting down and abandoning module StatsViewer (724)
[2019.12.24-15.44.30:979][810]LogModuleManager: Shutting down and abandoning module VirtualTexturingEditor (722)
[2019.12.24-15.44.30:979][810]LogModuleManager: Shutting down and abandoning module FoliageEdit (720)
[2019.12.24-15.44.30:979][810]LogModuleManager: Shutting down and abandoning module LandscapeEditor (718)
[2019.12.24-15.44.30:979][810]LogModuleManager: Shutting down and abandoning module MeshPaintMode (716)
[2019.12.24-15.44.30:979][810]LogModuleManager: Shutting down and abandoning module SceneDepthPickerMode (714)
[2019.12.24-15.44.30:979][810]LogModuleManager: Shutting down and abandoning module ActorPickerMode (712)
[2019.12.24-15.44.30:979][810]LogModuleManager: Shutting down and abandoning module GeometryMode (710)
[2019.12.24-15.44.30:979][810]LogModuleManager: Shutting down and abandoning module TextureAlignMode (708)
[2019.12.24-15.44.30:979][810]LogModuleManager: Shutting down and abandoning module BspMode (706)
[2019.12.24-15.44.30:979][810]LogModuleManager: Shutting down and abandoning module PIEPreviewDeviceProfileSelector (704)
[2019.12.24-15.44.30:979][810]LogModuleManager: Shutting down and abandoning module SequenceRecorderSections (702)
[2019.12.24-15.44.30:979][810]LogModuleManager: Shutting down and abandoning module AutomationWorker (700)
[2019.12.24-15.44.30:979][810]LogModuleManager: Shutting down and abandoning module DatasmithFBXImporter (698)
[2019.12.24-15.44.30:979][810]LogModuleManager: Shutting down and abandoning module DatasmithDeltaGenImporter (696)
[2019.12.24-15.44.30:979][810]LogModuleManager: Shutting down and abandoning module DatasmithVREDImporter (694)
[2019.12.24-15.44.30:979][810]LogModuleManager: Shutting down and abandoning module OculusMR (692)
[2019.12.24-15.44.30:979][810]LogModuleManager: Shutting down and abandoning module AudioCaptureEditor (690)
[2019.12.24-15.44.30:979][810]LogModuleManager: Shutting down and abandoning module MatineeToLevelSequence (688)
[2019.12.24-15.44.30:979][810]LogModuleManager: Shutting down and abandoning module LevelSequenceEditor (686)
[2019.12.24-15.44.30:979][810]LogModuleManager: Shutting down and abandoning module PlacementMode (685)
[2019.12.24-15.44.30:979][810]LogModuleManager: Shutting down and abandoning module MaterialEditor (684)
[2019.12.24-15.44.30:979][810]LogModuleManager: Shutting down and abandoning module ActorSequenceEditor (680)
[2019.12.24-15.44.30:979][810]LogModuleManager: Shutting down and abandoning module WmfMediaFactory (678)
[2019.12.24-15.44.30:979][810]LogModuleManager: Shutting down and abandoning module WmfMediaEditor (676)
[2019.12.24-15.44.30:979][810]LogModuleManager: Shutting down and abandoning module WebMMediaFactory (674)
[2019.12.24-15.44.30:979][810]LogModuleManager: Shutting down and abandoning module WebMMediaEditor (672)
[2019.12.24-15.44.30:979][810]LogModuleManager: Shutting down and abandoning module WebMMedia (670)
[2019.12.24-15.44.30:979][810]LogModuleManager: Shutting down and abandoning module MediaPlayerEditor (668)
[2019.12.24-15.44.30:979][810]LogModuleManager: Shutting down and abandoning module MediaCompositingEditor (666)
[2019.12.24-15.44.30:979][810]LogModuleManager: Shutting down and abandoning module SequenceRecorder (665)
[2019.12.24-15.44.30:979][810]LogModuleManager: Shutting down and abandoning module OpenExrWrapper (662)
[2019.12.24-15.44.30:979][810]LogModuleManager: Shutting down and abandoning module ImgMediaFactory (660)
[2019.12.24-15.44.30:979][810]LogModuleManager: Shutting down and abandoning module ImgMediaEditor (658)
[2019.12.24-15.44.30:979][810]LogModuleManager: Shutting down and abandoning module AvfMediaFactory (656)
[2019.12.24-15.44.30:979][810]LogModuleManager: Shutting down and abandoning module AvfMediaEditor (654)
[2019.12.24-15.44.30:979][810]LogModuleManager: Shutting down and abandoning module AndroidMediaFactory (652)
[2019.12.24-15.44.30:979][810]LogModuleManager: Shutting down and abandoning module AndroidMediaEditor (650)
[2019.12.24-15.44.30:979][810]LogModuleManager: Shutting down and abandoning module MagicLeapCameraPreviewFactory (648)
[2019.12.24-15.44.30:979][810]LogModuleManager: Shutting down and abandoning module MagicLeapMediaCodecFactory (646)
[2019.12.24-15.44.30:979][810]LogModuleManager: Shutting down and abandoning module MagicLeapMediaFactory (644)
[2019.12.24-15.44.30:979][810]LogModuleManager: Shutting down and abandoning module MagicLeapMediaEditor (642)
[2019.12.24-15.44.30:979][810]LogModuleManager: Shutting down and abandoning module CharacterAI (640)
[2019.12.24-15.44.30:979][810]LogModuleManager: Shutting down and abandoning module SmartSnapping (638)
[2019.12.24-15.44.30:979][810]LogModuleManager: Shutting down and abandoning module SessionServices (636)
[2019.12.24-15.44.30:979][810]LogModuleManager: Shutting down and abandoning module MeshPaint (634)
[2019.12.24-15.44.30:979][810]LogModuleManager: Shutting down and abandoning module ViewportSnapping (632)
[2019.12.24-15.44.30:980][810]LogModuleManager: Shutting down and abandoning module ViewportInteraction (630)
[2019.12.24-15.44.30:980][810]LogModuleManager: Shutting down and abandoning module ClothPainter (628)
[2019.12.24-15.44.30:980][810]LogModuleManager: Shutting down and abandoning module SkeletalMeshEditor (627)
[2019.12.24-15.44.30:980][810]LogModuleManager: Shutting down and abandoning module LogVisualizer (624)
[2019.12.24-15.44.30:980][810]LogModuleManager: Shutting down and abandoning module IntroTutorials (622)
[2019.12.24-15.44.30:980][810]LogModuleManager: Shutting down and abandoning module GameProjectGeneration (621)
[2019.12.24-15.44.30:980][810]LogModuleManager: Shutting down and abandoning module LuminPlatformEditor (618)
[2019.12.24-15.44.30:980][810]LogModuleManager: Shutting down and abandoning module IOSPlatformEditor (616)
[2019.12.24-15.44.30:980][810]LogModuleManager: Shutting down and abandoning module HTML5PlatformEditor (614)
[2019.12.24-15.44.30:980][810]LogModuleManager: Shutting down and abandoning module AndroidPlatformEditor (612)
[2019.12.24-15.44.30:980][810]LogModuleManager: Shutting down and abandoning module AndroidDeviceDetection (611)
[2019.12.24-15.44.31:232][810]LogModuleManager: Shutting down and abandoning module WindowsPlatformEditor (608)
[2019.12.24-15.44.31:232][810]LogModuleManager: Shutting down and abandoning module LuminRuntimeSettings (606)
[2019.12.24-15.44.31:232][810]LogModuleManager: Shutting down and abandoning module IOSRuntimeSettings (604)
[2019.12.24-15.44.31:232][810]LogModuleManager: Shutting down and abandoning module AndroidRuntimeSettings (602)
[2019.12.24-15.44.31:232][810]LogModuleManager: Shutting down and abandoning module TimeManagementEditor (600)
[2019.12.24-15.44.31:232][810]LogModuleManager: Shutting down and abandoning module InputBindingEditor (598)
[2019.12.24-15.44.31:232][810]LogModuleManager: Shutting down and abandoning module MergeActors (596)
[2019.12.24-15.44.31:232][810]LogModuleManager: Shutting down and abandoning module LocalizationDashboard (594)
[2019.12.24-15.44.31:232][810]LogModuleManager: Shutting down and abandoning module LocalizationService (593)
[2019.12.24-15.44.31:232][810]LogModuleManager: Shutting down and abandoning module HardwareTargeting (590)
[2019.12.24-15.44.31:232][810]LogModuleManager: Shutting down and abandoning module DeviceProfileEditor (588)
[2019.12.24-15.44.31:232][810]LogModuleManager: Shutting down and abandoning module UndoHistory (586)
[2019.12.24-15.44.31:232][810]LogModuleManager: Shutting down and abandoning module XmlParser (584)
[2019.12.24-15.44.31:232][810]LogModuleManager: Shutting down and abandoning module Blutility (582)
[2019.12.24-15.44.31:232][810]LogModuleManager: Shutting down and abandoning module ProjectSettingsViewer (580)
[2019.12.24-15.44.31:232][810]LogModuleManager: Shutting down and abandoning module ProjectTargetPlatformEditor (579)
[2019.12.24-15.44.31:233][810]LogModuleManager: Shutting down and abandoning module EditorSettingsViewer (576)
[2019.12.24-15.44.31:233][810]LogModuleManager: Shutting down and abandoning module SettingsEditor (574)
[2019.12.24-15.44.31:233][810]LogModuleManager: Shutting down and abandoning module ProjectLauncher (572)
[2019.12.24-15.44.31:233][810]LogModuleManager: Shutting down and abandoning module SessionFrontend (570)
[2019.12.24-15.44.31:233][810]LogModuleManager: Shutting down and abandoning module ProfilerClient (568)
[2019.12.24-15.44.31:233][810]LogModuleManager: Shutting down and abandoning module DeviceManager (566)
[2019.12.24-15.44.31:233][810]LogModuleManager: Shutting down and abandoning module TargetDeviceServices (565)
[2019.12.24-15.44.31:277][810]LogModuleManager: Shutting down and abandoning module AutomationController (562)
[2019.12.24-15.44.31:277][810]LogModuleManager: Shutting down and abandoning module AutomationWindow (560)
[2019.12.24-15.44.31:277][810]LogModuleManager: Shutting down and abandoning module Layers (558)
[2019.12.24-15.44.31:277][810]LogModuleManager: Shutting down and abandoning module ComponentVisualizers (556)
[2019.12.24-15.44.31:277][810]LogModuleManager: Shutting down and abandoning module DetailCustomizations (554)
[2019.12.24-15.44.31:277][810]LogModuleManager: Shutting down and abandoning module PackagesDialog (552)
[2019.12.24-15.44.31:277][810]LogModuleManager: Shutting down and abandoning module AnimationBlueprintEditor (550)
[2019.12.24-15.44.31:277][810]LogModuleManager: Shutting down and abandoning module Persona (548)
[2019.12.24-15.44.31:277][810]LogModuleManager: Shutting down and abandoning module AnimGraph (547)
[2019.12.24-15.44.31:277][810]LogModuleManager: Shutting down and abandoning module Kismet (544)
[2019.12.24-15.44.31:277][810]LogModuleManager: Shutting down and abandoning module KismetWidgets (543)
[2019.12.24-15.44.31:277][810]LogModuleManager: Shutting down and abandoning module GraphEditor (540)
[2019.12.24-15.44.31:277][810]LogModuleManager: Shutting down and abandoning module StructViewer (538)
[2019.12.24-15.44.31:277][810]LogModuleManager: Shutting down and abandoning module ClassViewer (536)
[2019.12.24-15.44.31:277][810]LogModuleManager: Shutting down and abandoning module Toolbox (534)
[2019.12.24-15.44.31:277][810]LogModuleManager: Shutting down and abandoning module ModuleUI (532)
[2019.12.24-15.44.31:278][810]LogModuleManager: Shutting down and abandoning module MovieSceneTools (530)
[2019.12.24-15.44.31:278][810]LogModuleManager: Shutting down and abandoning module OutputLog (528)
[2019.12.24-15.44.31:278][810]LogModuleManager: Shutting down and abandoning module GammaUI (526)
[2019.12.24-15.44.31:278][810]LogModuleManager: Shutting down and abandoning module Documentation (524)
[2019.12.24-15.44.31:278][810]LogModuleManager: Shutting down and abandoning module LiveCoding (522)
[2019.12.24-15.44.31:278][810]LogModuleManager: Shutting down and abandoning module LevelSequence (520)
[2019.12.24-15.44.31:278][810]LogModuleManager: Shutting down and abandoning module MovieSceneTracks (518)
[2019.12.24-15.44.31:278][810]LogModuleManager: Shutting down and abandoning module MovieScene (516)
[2019.12.24-15.44.31:278][810]LogModuleManager: Shutting down and abandoning module StreamingPauseRendering (514)
[2019.12.24-15.44.31:278][810]LogModuleManager: Shutting down and abandoning module LauncherPlatform (512)
[2019.12.24-15.44.31:278][810]LogModuleManager: Shutting down and abandoning module AnalyticsET (510)
[2019.12.24-15.44.31:278][810]LogModuleManager: Shutting down and abandoning module PortalServices (508)
[2019.12.24-15.44.31:278][810]LogModuleManager: Shutting down and abandoning module PortalRpc (506)
[2019.12.24-15.44.31:278][810]LogModuleManager: Shutting down and abandoning module MessagingRpc (504)
[2019.12.24-15.44.31:278][810]LogModuleManager: Shutting down and abandoning module AIModule (502)
[2019.12.24-15.44.31:278][810]LogModuleManager: Shutting down and abandoning module GameplayDebugger (501)
[2019.12.24-15.44.31:278][810]LogModuleManager: Shutting down and abandoning module AITestSuite (499)
[2019.12.24-15.44.31:278][810]LogModuleManager: Shutting down and abandoning module NavigationSystem (497)
[2019.12.24-15.44.31:278][810]LogModuleManager: Shutting down and abandoning module ImageWriteQueue (494)
[2019.12.24-15.44.31:281][810]LogModuleManager: Shutting down and abandoning module ProfilerService (492)
[2019.12.24-15.44.31:437][810]LogModuleManager: Shutting down and abandoning module TaskGraph (490)
[2019.12.24-15.44.31:437][810]LogModuleManager: Shutting down and abandoning module DatasmithCADTranslator (488)
[2019.12.24-15.44.31:437][810]LogModuleManager: Shutting down and abandoning module DatasmithC4DImporter (486)
[2019.12.24-15.44.31:437][810]LogModuleManager: Shutting down and abandoning module PythonEditor (484)
[2019.12.24-15.44.31:437][810]LogModuleManager: Shutting down and abandoning module VariantManager (482)
[2019.12.24-15.44.31:437][810]LogModuleManager: Shutting down and abandoning module StaticMeshEditorExtension (480)
[2019.12.24-15.44.31:438][810]LogModuleManager: Shutting down and abandoning module MeshProcessingLibrary (479)
[2019.12.24-15.44.31:438][810]LogModuleManager: Shutting down and abandoning module MDLImporter (476)
[2019.12.24-15.44.31:438][810]LogModuleManager: Shutting down and abandoning module DatasmithCoreTechExtension (474)
[2019.12.24-15.44.31:438][810]LogModuleManager: Shutting down and abandoning module StaticMeshEditor (473)
[2019.12.24-15.44.31:438][810]LogModuleManager: Shutting down and abandoning module AdvancedPreviewScene (472)
[2019.12.24-15.44.31:438][810]LogModuleManager: Shutting down and abandoning module DatasmithOpenNurbsTranslator (468)
[2019.12.24-15.44.31:438][810]LogModuleManager: Shutting down and abandoning module DatasmithNativeTranslator (466)
[2019.12.24-15.44.31:438][810]LogModuleManager: Shutting down and abandoning module DatasmithIFCImporter (464)
[2019.12.24-15.44.31:438][810]LogModuleManager: Shutting down and abandoning module DatasmithGLTFImporter (462)
[2019.12.24-15.44.31:438][810]LogModuleManager: Shutting down and abandoning module DatasmithImporter (461)
[2019.12.24-15.44.31:438][810]LogModuleManager: Shutting down and abandoning module UnrealEnginePython (458)
[2019.12.24-15.44.31:438][810]LogPython: Goodbye Python
[2019.12.24-15.44.31:450][810]LogModuleManager: Shutting down and abandoning module ScreenshotTools (456)
[2019.12.24-15.44.31:450][810]LogModuleManager: Shutting down and abandoning module SteamVRController (454)
[2019.12.24-15.44.31:450][810]LogModuleManager: Shutting down and abandoning module ProceduralMeshComponentEditor (452)
[2019.12.24-15.44.31:450][810]LogModuleManager: Shutting down and abandoning module ProceduralMeshComponent (450)
[2019.12.24-15.44.31:450][810]LogModuleManager: Shutting down and abandoning module OculusEditor (448)
[2019.12.24-15.44.31:450][810]LogModuleManager: Shutting down and abandoning module OculusInput (446)
[2019.12.24-15.44.31:450][810]LogModuleManager: Shutting down and abandoning module MobilePatchingUtils (444)
[2019.12.24-15.44.31:450][810]LogModuleManager: Shutting down and abandoning module EditableMesh (442)
[2019.12.24-15.44.31:450][810]LogModuleManager: Shutting down and abandoning module CustomMeshComponent (440)
[2019.12.24-15.44.31:450][810]LogModuleManager: Shutting down and abandoning module CableComponent (438)
[2019.12.24-15.44.31:450][810]LogModuleManager: Shutting down and abandoning module AudioCapture (436)
[2019.12.24-15.44.31:450][810]LogModuleManager: Shutting down and abandoning module ArchVisCharacter (434)
[2019.12.24-15.44.31:450][810]LogModuleManager: Shutting down and abandoning module AppleImageUtilsBlueprintSupport (432)
[2019.12.24-15.44.31:450][810]LogModuleManager: Shutting down and abandoning module AppleImageUtils (430)
[2019.12.24-15.44.31:450][810]LogModuleManager: Shutting down and abandoning module AndroidPermission (428)
[2019.12.24-15.44.31:450][810]LogModuleManager: Shutting down and abandoning module NUTUnrealEngine4 (426)
[2019.12.24-15.44.31:450][810]LogModuleManager: Shutting down and abandoning module NetcodeUnitTest (424)
[2019.12.24-15.44.31:451][810]LogModuleManager: Shutting down and abandoning module MediaCompositing (422)
[2019.12.24-15.44.31:451][810]LogModuleManager: Shutting down and abandoning module ImgMedia (420)
[2019.12.24-15.44.31:451][810]LogModuleManager: Shutting down and abandoning module MagicLeapHelperVulkan (418)
[2019.12.24-15.44.31:451][810]LogModuleManager: Shutting down and abandoning module MagicLeapHelperOpenGL (416)
[2019.12.24-15.44.31:451][810]LogModuleManager: Shutting down and abandoning module MagicLeapAudio (414)
[2019.12.24-15.44.31:451][810]LogModuleManager: Shutting down and abandoning module HTML5Networking (412)
[2019.12.24-15.44.31:451][810]LogModuleManager: Shutting down and abandoning module GeometryCollectionTracks (410)
[2019.12.24-15.44.31:451][810]LogModuleManager: Shutting down and abandoning module GeometryCollectionSequencer (409)
[2019.12.24-15.44.31:451][810]LogModuleManager: Shutting down and abandoning module GeometryCollectionEditor (406)
[2019.12.24-15.44.31:451][810]LogModuleManager: Shutting down and abandoning module GeometryCollectionExampleCore (404)
[2019.12.24-15.44.31:451][810]LogModuleManager: Shutting down and abandoning module GeometryCacheTracks (402)
[2019.12.24-15.44.31:451][810]LogModuleManager: Shutting down and abandoning module GeometryCacheSequencer (400)
[2019.12.24-15.44.31:451][810]LogModuleManager: Shutting down and abandoning module DataprepLibraries (398)
[2019.12.24-15.44.31:451][810]LogModuleManager: Shutting down and abandoning module DataprepCore (396)
[2019.12.24-15.44.31:451][810]LogModuleManager: Shutting down and abandoning module DataprepEditor (394)
[2019.12.24-15.44.31:451][810]LogModuleManager: Shutting down and abandoning module ChaosSolverEditor (392)
[2019.12.24-15.44.31:451][810]LogModuleManager: Shutting down and abandoning module BlastCore (390)
[2019.12.24-15.44.31:451][810]LogModuleManager: Shutting down and abandoning module BlastAuthoring (388)
[2019.12.24-15.44.31:451][810]LogModuleManager: Shutting down and abandoning module BackChannel (386)
[2019.12.24-15.44.31:451][810]LogModuleManager: Shutting down and abandoning module AutomationUtilsEditor (384)
[2019.12.24-15.44.31:451][810]LogModuleManager: Shutting down and abandoning module AutomationUtils (382)
[2019.12.24-15.44.31:451][810]LogModuleManager: Shutting down and abandoning module AlembicImporter (380)
[2019.12.24-15.44.31:451][810]LogModuleManager: Shutting down and abandoning module AlembicLibrary (379)
[2019.12.24-15.44.31:451][810]LogModuleManager: Shutting down and abandoning module GeometryCache (378)
[2019.12.24-15.44.31:451][810]LogModuleManager: Shutting down and abandoning module GeometryCacheEd (377)
[2019.12.24-15.44.31:451][810]LogModuleManager: Shutting down and abandoning module VariantManagerContent (372)
[2019.12.24-15.44.31:451][810]LogModuleManager: Shutting down and abandoning module DatasmithContentEditor (370)
[2019.12.24-15.44.31:451][810]LogModuleManager: Shutting down and abandoning module SpeedTreeImporter (368)
[2019.12.24-15.44.31:451][810]LogModuleManager: Shutting down and abandoning module PluginBrowser (366)
[2019.12.24-15.44.31:451][810]LogModuleManager: Shutting down and abandoning module MobileLauncherProfileWizard (364)
[2019.12.24-15.44.31:451][810]LogModuleManager: Shutting down and abandoning module PolygonModeling (362)
[2019.12.24-15.44.31:451][810]LogModuleManager: Shutting down and abandoning module MeshEditor (360)
[2019.12.24-15.44.31:451][810]LogModuleManager: Shutting down and abandoning module MaterialAnalyzer (358)
[2019.12.24-15.44.31:451][810]LogModuleManager: Shutting down and abandoning module GLTFImporter (356)
[2019.12.24-15.44.31:451][810]LogModuleManager: Shutting down and abandoning module EditorScriptingUtilities (354)
[2019.12.24-15.44.31:451][810]LogModuleManager: Shutting down and abandoning module CurveEditorTools (352)
[2019.12.24-15.44.31:451][810]LogModuleManager: Shutting down and abandoning module CurveEditor (351)
[2019.12.24-15.44.31:451][810]LogModuleManager: Shutting down and abandoning module CryptoKeysOpenSSL (348)
[2019.12.24-15.44.31:451][810]LogModuleManager: Shutting down and abandoning module CryptoKeys (346)
[2019.12.24-15.44.31:451][810]LogModuleManager: Shutting down and abandoning module VisualStudioSourceCodeAccess (344)
[2019.12.24-15.44.31:451][810]LogModuleManager: Shutting down and abandoning module VisualStudioCodeSourceCodeAccess (342)
[2019.12.24-15.44.31:451][810]LogModuleManager: Shutting down and abandoning module UObjectPlugin (340)
[2019.12.24-15.44.31:451][810]LogModuleManager: Shutting down and abandoning module SubversionSourceControl (338)
[2019.12.24-15.44.31:451][810]LogModuleManager: Shutting down and abandoning module PerforceSourceControl (336)
[2019.12.24-15.44.31:451][810]LogModuleManager: Shutting down and abandoning module GitSourceControl (334)
[2019.12.24-15.44.31:451][810]LogModuleManager: Shutting down and abandoning module SourceControl (333)
[2019.12.24-15.44.31:451][810]LogModuleManager: Shutting down and abandoning module CLionSourceCodeAccess (330)
[2019.12.24-15.44.31:451][810]LogModuleManager: Shutting down and abandoning module AnimationSharingEd (328)
[2019.12.24-15.44.31:451][810]LogModuleManager: Shutting down and abandoning module ActorLayerUtilitiesEditor (326)
[2019.12.24-15.44.31:451][810]LogModuleManager: Shutting down and abandoning module ActorLayerUtilities (324)
[2019.12.24-15.44.31:451][810]LogModuleManager: Shutting down and abandoning module LightPropagationVolumeEditor (322)
[2019.12.24-15.44.31:451][810]LogModuleManager: Shutting down and abandoning module PaperTiledImporter (320)
[2019.12.24-15.44.31:451][810]LogModuleManager: Shutting down and abandoning module PaperSpriteSheetImporter (318)
[2019.12.24-15.44.31:451][810]LogModuleManager: Shutting down and abandoning module Paper2DEditor (316)
[2019.12.24-15.44.31:452][810]LogModuleManager: Shutting down and abandoning module BuildingEscape (314)
[2019.12.24-15.44.31:452][810]LogModuleManager: Shutting down and abandoning module PythonConsole (312)
[2019.12.24-15.44.31:452][810]LogModuleManager: Shutting down and abandoning module SignificanceManager (310)
[2019.12.24-15.44.31:452][810]LogModuleManager: Shutting down and abandoning module RuntimePhysXCooking (308)
[2019.12.24-15.44.31:452][810]LogModuleManager: Shutting down and abandoning module PhysXVehiclesEditor (306)
[2019.12.24-15.44.31:452][810]LogModuleManager: Shutting down and abandoning module LocationServicesBPLibrary (302)
[2019.12.24-15.44.31:452][810]LogModuleManager: Shutting down and abandoning module ActorSequence (300)
[2019.12.24-15.44.31:452][810]LogModuleManager: Shutting down and abandoning module UdpMessaging (298)
[2019.12.24-15.44.31:552][810]LogModuleManager: Shutting down and abandoning module TcpMessaging (296)
[2019.12.24-15.44.31:653][810]LogModuleManager: Shutting down and abandoning module MagicLeapIdentity (294)
[2019.12.24-15.44.31:653][810]LogModuleManager: Shutting down and abandoning module MagicLeapSecureStorage (292)
[2019.12.24-15.44.31:653][810]LogModuleManager: Shutting down and abandoning module MagicLeapHandTracking (290)
[2019.12.24-15.44.31:653][810]LogModuleManager: Shutting down and abandoning module MagicLeapEyeTracker (288)
[2019.12.24-15.44.31:653][810]LogModuleManager: Shutting down and abandoning module MagicLeapController (286)
[2019.12.24-15.44.31:653][810]LogSlate: Slate User Destroyed.  User Index 0, Is Virtual User: 0
[2019.12.24-15.44.31:653][810]LogModuleManager: Shutting down and abandoning module MagicLeapAR (284)
[2019.12.24-15.44.31:653][810]LogModuleManager: Shutting down and abandoning module AugmentedReality (283)
[2019.12.24-15.44.31:653][810]LogModuleManager: Shutting down and abandoning module GameplayTagsEditor (280)
[2019.12.24-15.44.31:653][810]LogModuleManager: Shutting down and abandoning module FacialAnimationEditor (278)
[2019.12.24-15.44.31:653][810]LogModuleManager: Shutting down and abandoning module FacialAnimation (276)
[2019.12.24-15.44.31:653][810]LogModuleManager: Shutting down and abandoning module DataValidation (274)
[2019.12.24-15.44.31:653][810]LogModuleManager: Shutting down and abandoning module AssetManagerEditor (272)
[2019.12.24-15.44.31:653][810]LogModuleManager: Shutting down and abandoning module LevelEditor (271)
[2019.12.24-15.44.31:653][810]LogModuleManager: Shutting down and abandoning module PixelInspectorModule (270)
[2019.12.24-15.44.31:653][810]LogModuleManager: Shutting down and abandoning module CommonMenuExtensions (268)
[2019.12.24-15.44.31:654][810]LogModuleManager: Shutting down and abandoning module MainFrame (266)
[2019.12.24-15.44.31:654][810]LogModuleManager: Shutting down and abandoning module HotReload (265)
[2019.12.24-15.44.31:655][810]LogModuleManager: Shutting down and abandoning module ContentBrowser (261)
[2019.12.24-15.44.31:656][810]LogModuleManager: Shutting down and abandoning module TreeMap (259)
[2019.12.24-15.44.31:656][810]LogModuleManager: Shutting down and abandoning module AnimationSharing (256)
[2019.12.24-15.44.31:656][810]LogModuleManager: Shutting down and abandoning module LightPropagationVolumeRuntime (254)
[2019.12.24-15.44.31:656][810]LogModuleManager: Shutting down and abandoning module Paper2D (252)
[2019.12.24-15.44.31:656][810]LogModuleManager: Shutting down and abandoning module WindowsMoviePlayer (250)
[2019.12.24-15.44.31:657][810]LogModuleManager: Shutting down and abandoning module WebMMoviePlayer (248)
[2019.12.24-15.44.31:657][810]LogModuleManager: Shutting down and abandoning module NetworkReplayStreaming (246)
[2019.12.24-15.44.31:657][810]LogModuleManager: Shutting down and abandoning module PacketHandler (244)
[2019.12.24-15.44.31:657][810]LogModuleManager: Shutting down and abandoning module ClothingSystemEditor (242)
[2019.12.24-15.44.31:657][810]LogModuleManager: Shutting down and abandoning module ClothingSystemRuntime (240)
[2019.12.24-15.44.31:657][810]LogModuleManager: Shutting down and abandoning module MediaAssets (238)
[2019.12.24-15.44.31:657][810]LogModuleManager: Shutting down and abandoning module Overlay (236)
[2019.12.24-15.44.31:658][810]LogModuleManager: Shutting down and abandoning module OverlayEditor (235)
[2019.12.24-15.44.31:658][810]LogModuleManager: Shutting down and abandoning module VREditor (232)
[2019.12.24-15.44.31:658][810]LogModuleManager: Shutting down and abandoning module StringTableEditor (230)
[2019.12.24-15.44.31:658][810]LogModuleManager: Shutting down and abandoning module GameplayTasksEditor (228)
[2019.12.24-15.44.31:658][810]LogModuleManager: Shutting down and abandoning module BehaviorTreeEditor (226)
[2019.12.24-15.44.31:658][810]LogModuleManager: Shutting down and abandoning module FunctionalTesting (224)
[2019.12.24-15.44.31:658][810]LogModuleManager: Shutting down and abandoning module CollisionAnalyzer (222)
[2019.12.24-15.44.31:658][810]LogModuleManager: Shutting down and abandoning module WorkspaceMenuStructure (221)
[2019.12.24-15.44.31:658][810]LogModuleManager: Shutting down and abandoning module UMG (218)
[2019.12.24-15.44.31:658][810]LogModuleManager: Shutting down and abandoning module UMGEditor (217)
[2019.12.24-15.44.31:658][810]LogModuleManager: Shutting down and abandoning module Sequencer (216)
[2019.12.24-15.44.31:658][810]LogModuleManager: Shutting down and abandoning module MessageLog (213)
[2019.12.24-15.44.31:658][810]LogModuleManager: Shutting down and abandoning module SlateReflector (208)
[2019.12.24-15.44.31:658][810]LogModuleManager: Shutting down and abandoning module Slate (206)
[2019.12.24-15.44.31:658][810]LogModuleManager: Shutting down and abandoning module LandscapeEditorUtilities (204)
[2019.12.24-15.44.31:658][810]LogModuleManager: Shutting down and abandoning module EditorStyle (202)
[2019.12.24-15.44.31:659][810]LogModuleManager: Shutting down and abandoning module UnrealEd (200)
[2019.12.24-15.44.31:659][810]LogModuleManager: Shutting down and abandoning module MRMesh (198)
[2019.12.24-15.44.31:659][810]LogModuleManager: Shutting down and abandoning module SourceCodeAccess (196)
[2019.12.24-15.44.31:659][810]LogModuleManager: Shutting down and abandoning module HeadMountedDisplay (194)
[2019.12.24-15.44.31:659][810]LogModuleManager: Shutting down and abandoning module XAudio2 (192)
[2019.12.24-15.44.31:659][810]LogModuleManager: Shutting down and abandoning module Networking (190)
[2019.12.24-15.44.31:659][810]LogModuleManager: Shutting down and abandoning module Core (188)
[2019.12.24-15.44.31:659][810]LogModuleManager: Shutting down and abandoning module KismetCompiler (186)
[2019.12.24-15.44.31:659][810]LogModuleManager: Shutting down and abandoning module MeshUtilities (184)
[2019.12.24-15.44.31:659][810]LogModuleManager: Shutting down and abandoning module MeshMergeUtilities (183)
[2019.12.24-15.44.31:659][810]LogModuleManager: Shutting down and abandoning module MeshReductionInterface (182)
[2019.12.24-15.44.31:659][810]LogModuleManager: Shutting down and abandoning module SkeletalMeshReduction (181)
[2019.12.24-15.44.31:659][810]LogModuleManager: Shutting down and abandoning module ProxyLODMeshReduction (179)
[2019.12.24-15.44.31:659][810]LogModuleManager: Shutting down and abandoning module QuadricMeshReduction (177)
[2019.12.24-15.44.31:659][810]LogModuleManager: Shutting down and abandoning module MaterialBaking (173)
[2019.12.24-15.44.31:659][810]LogModuleManager: Shutting down and abandoning module NullInstallBundleManager (168)
[2019.12.24-15.44.31:659][810]LogModuleManager: Shutting down and abandoning module DerivedDataCache (166)
[2019.12.24-15.44.31:751][810]LogDerivedDataCache: Shutdown
[2019.12.24-15.44.31:752][810]LogModuleManager: Shutting down and abandoning module XGEController (164)
[2019.12.24-15.44.31:752][810]LogXGEController: Cleaning working directory: C:/Users/Bryondr/AppData/Local/Temp/UnrealXGEWorkingDir/
[2019.12.24-15.44.31:752][810]LogModuleManager: Shutting down and abandoning module TargetPlatform (162)
[2019.12.24-15.44.31:752][810]LogModuleManager: Shutting down and abandoning module VulkanShaderFormat (161)
[2019.12.24-15.44.31:752][810]LogModuleManager: Shutting down and abandoning module ShaderFormatVectorVM (159)
[2019.12.24-15.44.31:752][810]LogModuleManager: Shutting down and abandoning module ShaderFormatOpenGL (157)
[2019.12.24-15.44.31:752][810]LogModuleManager: Shutting down and abandoning module ShaderFormatD3D (155)
[2019.12.24-15.44.31:752][810]LogModuleManager: Shutting down and abandoning module MetalShaderFormat (153)
[2019.12.24-15.44.31:752][810]LogModuleManager: Shutting down and abandoning module TextureFormatUncompressed (151)
[2019.12.24-15.44.31:752][810]LogModuleManager: Shutting down and abandoning module TextureFormatPVR (149)
[2019.12.24-15.44.31:752][810]LogModuleManager: Shutting down and abandoning module TextureFormatDXT (147)
[2019.12.24-15.44.31:752][810]LogModuleManager: Shutting down and abandoning module TextureFormatIntelISPCTexComp (145)
[2019.12.24-15.44.31:752][810]LogModuleManager: Shutting down and abandoning module TextureFormatASTC (143)
[2019.12.24-15.44.31:752][810]LogModuleManager: Shutting down and abandoning module ImageWrapper (142)
[2019.12.24-15.44.31:752][810]LogModuleManager: Shutting down and abandoning module TextureFormatAndroid (139)
[2019.12.24-15.44.31:752][810]LogModuleManager: Shutting down and abandoning module AudioFormatOpus (137)
[2019.12.24-15.44.31:752][810]LogModuleManager: Shutting down and abandoning module AudioFormatOgg (135)
[2019.12.24-15.44.31:752][810]LogModuleManager: Shutting down and abandoning module AudioFormatADPCM (133)
[2019.12.24-15.44.31:752][810]LogModuleManager: Shutting down and abandoning module LuminTargetPlatform (131)
[2019.12.24-15.44.31:753][810]LogModuleManager: Shutting down and abandoning module LinuxTargetPlatform (129)
[2019.12.24-15.44.31:753][810]LogModuleManager: Shutting down and abandoning module LinuxServerTargetPlatform (127)
[2019.12.24-15.44.31:753][810]LogModuleManager: Shutting down and abandoning module LinuxNoEditorTargetPlatform (125)
[2019.12.24-15.44.31:753][810]LogModuleManager: Shutting down and abandoning module LinuxClientTargetPlatform (123)
[2019.12.24-15.44.31:753][810]LogModuleManager: Shutting down and abandoning module TVOSTargetPlatform (121)
[2019.12.24-15.44.31:753][810]LogModuleManager: Shutting down and abandoning module Messaging (119)
[2019.12.24-15.44.31:753][810]LogModuleManager: Shutting down and abandoning module IOSTargetPlatform (117)
[2019.12.24-15.44.31:754][810]LogModuleManager: Shutting down and abandoning module HTML5TargetPlatform (115)
[2019.12.24-15.44.31:754][810]LogModuleManager: Shutting down and abandoning module AndroidTargetPlatform (113)
[2019.12.24-15.44.31:758][810]LogModuleManager: Shutting down and abandoning module WindowsTargetPlatform (111)
[2019.12.24-15.44.31:758][810]LogModuleManager: Shutting down and abandoning module WindowsServerTargetPlatform (109)
[2019.12.24-15.44.31:758][810]LogModuleManager: Shutting down and abandoning module WindowsNoEditorTargetPlatform (107)
[2019.12.24-15.44.31:758][810]LogModuleManager: Shutting down and abandoning module WindowsClientTargetPlatform (105)
[2019.12.24-15.44.31:758][810]LogModuleManager: Shutting down and abandoning module MacTargetPlatform (103)
[2019.12.24-15.44.31:758][810]LogModuleManager: Shutting down and abandoning module MacServerTargetPlatform (101)
[2019.12.24-15.44.31:758][810]LogModuleManager: Shutting down and abandoning module MacNoEditorTargetPlatform (99)
[2019.12.24-15.44.31:758][810]LogModuleManager: Shutting down and abandoning module MacClientTargetPlatform (97)
[2019.12.24-15.44.31:758][810]LogModuleManager: Shutting down and abandoning module AllDesktopTargetPlatform (95)
[2019.12.24-15.44.31:758][810]LogModuleManager: Shutting down and abandoning module InputCore (92)
[2019.12.24-15.44.31:758][810]LogModuleManager: Shutting down and abandoning module Settings (90)
[2019.12.24-15.44.31:758][810]LogModuleManager: Shutting down and abandoning module DirectoryWatcher (88)
[2019.12.24-15.44.31:758][810]LogModuleManager: Shutting down and abandoning module PhysXCooking (86)
[2019.12.24-15.44.31:758][810]LogModuleManager: Shutting down and abandoning module WindowsPlatformFeatures (84)
[2019.12.24-15.44.31:758][810]LogModuleManager: Shutting down and abandoning module GameplayMediaEncoder (83)
[2019.12.24-15.44.31:758][810]LogModuleManager: Shutting down and abandoning module SteamVR (80)
[2019.12.24-15.44.31:758][810]LogHMD: Freeing OpenVRDLLHandle.
[2019.12.24-15.44.31:758][810]LogModuleManager: Shutting down and abandoning module OculusHMD (78)
[2019.12.24-15.44.31:758][810]LogModuleManager: Shutting down and abandoning module ExampleDeviceProfileSelector (76)
[2019.12.24-15.44.31:758][810]LogModuleManager: Shutting down and abandoning module LauncherChunkInstaller (74)
[2019.12.24-15.44.31:758][810]LogModuleManager: Shutting down and abandoning module OnlineBlueprintSupport (72)
[2019.12.24-15.44.31:758][810]LogModuleManager: Shutting down and abandoning module OnlineSubsystem (68)
[2019.12.24-15.44.31:759][810]LogModuleManager: Shutting down and abandoning module XMPP (63)
[2019.12.24-15.44.31:759][810]LogModuleManager: Shutting down and abandoning module WebSockets (62)
[2019.12.24-15.44.31:783][810]LogModuleManager: Shutting down and abandoning module HTTP (59)
[2019.12.24-15.44.31:783][810]LogHttp: Display: Http module shutting down, but needs to wait on 1 outstanding Http requests:
[2019.12.24-15.44.31:783][810]LogHttp: Display: 	verb=[POST] url=[https://datarouter.ol.epicgames.com/datarouter/api/v1/public/data?SessionID=%7B7A1D36C6-43C0-704E-8C8F-6C8EF2CFC519%7D&AppID=UEEditor.Rocket.Release&AppVersion=4.23.1-9631420%2B%2B%2BUE4%2BRelease-4.23&UserID=49df17b5406bfcf559ee7483b5afe7f2%7C04e293b72bed469eb1b0d1098285ed11%7C6c281351-3096-47e0-a438-567df9254111&AppEnvironment=datacollector-binary&UploadType=eteventstream] status=Processing
[2019.12.24-15.44.31:800][810]LogModuleManager: Shutting down and abandoning module SSL (58)
[2019.12.24-15.44.31:801][810]LogModuleManager: Shutting down and abandoning module WmfMedia (54)
[2019.12.24-15.44.31:802][810]LogModuleManager: Shutting down and abandoning module Media (53)
[2019.12.24-15.44.31:803][810]LogModuleManager: Shutting down and abandoning module MagicLeap (50)
[2019.12.24-15.44.31:803][810]LogModuleManager: Shutting down and abandoning module DatasmithContent (48)
[2019.12.24-15.44.31:803][810]LogModuleManager: Shutting down and abandoning module AISupportModule (46)
[2019.12.24-15.44.31:803][810]LogModuleManager: Shutting down and abandoning module DesktopPlatform (44)
[2019.12.24-15.44.31:803][810]LogModuleManager: Shutting down and abandoning module PlatformCryptoOpenSSL (42)
[2019.12.24-15.44.31:803][810]LogModuleManager: Shutting down and abandoning module PlatformCrypto (40)
[2019.12.24-15.44.31:803][810]LogModuleManager: Shutting down and abandoning module AnimationModifiers (38)
[2019.12.24-15.44.31:803][810]LogModuleManager: Shutting down and abandoning module PropertyEditor (37)
[2019.12.24-15.44.31:803][810]LogModuleManager: Shutting down and abandoning module AudioEditor (34)
[2019.12.24-15.44.31:803][810]LogModuleManager: Shutting down and abandoning module TextureCompressor (32)
[2019.12.24-15.44.31:803][810]LogModuleManager: Shutting down and abandoning module RenderCore (30)
[2019.12.24-15.44.31:803][810]LogModuleManager: Shutting down and abandoning module Landscape (28)
[2019.12.24-15.44.31:803][810]LogModuleManager: Shutting down and abandoning module SlateRHIRenderer (26)
[2019.12.24-15.44.31:804][810]LogModuleManager: Shutting down and abandoning module OpenGLDrv (24)
[2019.12.24-15.44.31:804][810]LogModuleManager: Shutting down and abandoning module D3D11RHI (22)
[2019.12.24-15.44.31:804][810]LogModuleManager: Shutting down and abandoning module AnimGraphRuntime (20)
[2019.12.24-15.44.31:804][810]LogModuleManager: Shutting down and abandoning module Renderer (18)
[2019.12.24-15.44.31:804][810]LogModuleManager: Shutting down and abandoning module Engine (16)
[2019.12.24-15.44.31:804][810]LogModuleManager: Shutting down and abandoning module CoreUObject (14)
[2019.12.24-15.44.31:805][810]LogModuleManager: Shutting down and abandoning module NetworkFile (12)
[2019.12.24-15.44.31:805][810]LogModuleManager: Shutting down and abandoning module CookedIterativeFile (10)
[2019.12.24-15.44.31:805][810]LogModuleManager: Shutting down and abandoning module StreamingFile (8)
[2019.12.24-15.44.31:805][810]LogModuleManager: Shutting down and abandoning module SandboxFile (6)
[2019.12.24-15.44.31:805][810]LogModuleManager: Shutting down and abandoning module PakFile (4)
[2019.12.24-15.44.31:805][810]LogModuleManager: Shutting down and abandoning module RSA (3)
[2019.12.24-15.44.31:805][810]LogD3D11RHI: Shutdown
[2019.12.24-15.44.31:805][810]LogD3D11RHI: CleanupD3DDevice
[2019.12.24-15.44.31:805][810]LogRendererCore: FGlobalDynamicReadBuffer::Cleanup()
[2019.12.24-15.44.31:805][810]LogRendererCore: FGlobalDynamicReadBuffer::Cleanup()
[2019.12.24-15.44.31:805][810]LogRendererCore: FGlobalDynamicReadBuffer::Cleanup()
[2019.12.24-15.44.31:810][810]LogD3D11RHI: ~FD3D11DynamicRHI
[2019.12.24-15.44.31:822][810]LogExit: Exiting.
[2019.12.24-15.44.31:871][810]Log file closed, 12/24/19 18:44:31
